<?xml version="1.0" encoding="utf-8"?>
<CoverageSession xmlns:xsd="http://www.w3.org/2001/XMLSchema" xmlns:xsi="http://www.w3.org/2001/XMLSchema-instance" Version="4.7.922.0">
  <Summary numSequencePoints="542" visitedSequencePoints="95" numBranchPoints="303" visitedBranchPoints="43" sequenceCoverage="17.53" branchCoverage="14.19" maxCyclomaticComplexity="7" minCyclomaticComplexity="0" maxCrapScore="56" minCrapScore="0" visitedClasses="8" numClasses="25" visitedMethods="40" numMethods="239" />
  <Modules>
    <Module hash="0E-13-C3-FC-6F-4C-A3-10-10-2B-2B-97-C5-07-E1-6F-BE-C8-A5-B9">
      <Summary numSequencePoints="109" visitedSequencePoints="40" numBranchPoints="11" visitedBranchPoints="10" sequenceCoverage="36.70" branchCoverage="90.91" maxCyclomaticComplexity="1" minCyclomaticComplexity="1" maxCrapScore="2" minCrapScore="1" visitedClasses="3" numClasses="4" visitedMethods="10" numMethods="11" />
      <ModulePath>E:\Study\NH 2020-2021 HK2\Đồ án 2\Admin\Admin.Tests\bin\Debug\fine-code-coverage\build-output\Admin.Tests.dll</ModulePath>
      <ModuleTime>2021-06-14T15:06:18.8239054Z</ModuleTime>
      <ModuleName>Admin.Tests</ModuleName>
      <Files>
        <File uid="1" fullPath="E:\Study\NH 2020-2021 HK2\Đồ án 2\Admin\Admin.Tests\Controllers\HomeControllerTest.cs" />
        <File uid="2" fullPath="E:\Study\NH 2020-2021 HK2\Đồ án 2\Admin\Admin.Tests\Controllers\Login.cs" />
        <File uid="3" fullPath="E:\Study\NH 2020-2021 HK2\Đồ án 2\Admin\Admin.Tests\Controllers\SanPhamsControllerTest.cs" />
      </Files>
      <Classes>
        <Class>
          <Summary numSequencePoints="5" visitedSequencePoints="5" numBranchPoints="1" visitedBranchPoints="1" sequenceCoverage="100" branchCoverage="100" maxCyclomaticComplexity="1" minCyclomaticComplexity="1" maxCrapScore="2" minCrapScore="1" visitedClasses="1" numClasses="1" visitedMethods="1" numMethods="1" />
          <FullName>Admin.Tests.Controllers.HomeControllerTest</FullName>
          <Methods>
            <Method visited="true" cyclomaticComplexity="1" nPathComplexity="0" sequenceCoverage="100" branchCoverage="100" crapScore="1" isConstructor="false" isStatic="false" isGetter="false" isSetter="false">
              <Summary numSequencePoints="5" visitedSequencePoints="5" numBranchPoints="1" visitedBranchPoints="1" sequenceCoverage="100" branchCoverage="100" maxCyclomaticComplexity="1" minCyclomaticComplexity="1" maxCrapScore="1" minCrapScore="1" visitedClasses="0" numClasses="0" visitedMethods="1" numMethods="1" />
              <MetadataToken>100663297</MetadataToken>
              <Name>System.Void Admin.Tests.Controllers.HomeControllerTest::Index()</Name>
              <FileRef uid="1" />
              <SequencePoints>
                <SequencePoint vc="1" uspid="1" ordinal="0" offset="0" sl="15" sc="9" el="15" ec="10" bec="0" bev="0" fileid="1" />
                <SequencePoint vc="1" uspid="2" ordinal="1" offset="1" sl="17" sc="13" el="17" ec="62" bec="0" bev="0" fileid="1" />
                <SequencePoint vc="1" uspid="3" ordinal="2" offset="7" sl="20" sc="13" el="20" ec="66" bec="0" bev="0" fileid="1" />
                <SequencePoint vc="1" uspid="4" ordinal="3" offset="19" sl="23" sc="13" el="23" ec="38" bec="0" bev="0" fileid="1" />
                <SequencePoint vc="1" uspid="5" ordinal="4" offset="26" sl="24" sc="9" el="24" ec="10" bec="0" bev="0" fileid="1" />
              </SequencePoints>
              <BranchPoints />
              <MethodPoint xsi:type="SequencePoint" vc="1" uspid="1" ordinal="0" offset="0" sl="15" sc="9" el="15" ec="10" bec="0" bev="0" fileid="1" />
            </Method>
            <Method visited="false" cyclomaticComplexity="1" nPathComplexity="0" sequenceCoverage="0" branchCoverage="0" crapScore="2" isConstructor="true" isStatic="false" isGetter="false" isSetter="false">
              <Summary numSequencePoints="0" visitedSequencePoints="0" numBranchPoints="0" visitedBranchPoints="0" sequenceCoverage="0" branchCoverage="0" maxCyclomaticComplexity="1" minCyclomaticComplexity="1" maxCrapScore="2" minCrapScore="2" visitedClasses="0" numClasses="0" visitedMethods="0" numMethods="0" />
              <MetadataToken>100663298</MetadataToken>
              <Name>System.Void Admin.Tests.Controllers.HomeControllerTest::.ctor()</Name>
              <SequencePoints />
              <BranchPoints />
              <MethodPoint vc="0" uspid="6" ordinal="0" offset="0" />
            </Method>
          </Methods>
        </Class>
        <Class>
          <Summary numSequencePoints="5" visitedSequencePoints="5" numBranchPoints="1" visitedBranchPoints="1" sequenceCoverage="100" branchCoverage="100" maxCyclomaticComplexity="1" minCyclomaticComplexity="1" maxCrapScore="2" minCrapScore="1" visitedClasses="1" numClasses="1" visitedMethods="1" numMethods="1" />
          <FullName>Admin.Tests.Controllers.LoginControllerTest</FullName>
          <Methods>
            <Method visited="true" cyclomaticComplexity="1" nPathComplexity="0" sequenceCoverage="100" branchCoverage="100" crapScore="1" isConstructor="false" isStatic="false" isGetter="false" isSetter="false">
              <Summary numSequencePoints="5" visitedSequencePoints="5" numBranchPoints="1" visitedBranchPoints="1" sequenceCoverage="100" branchCoverage="100" maxCyclomaticComplexity="1" minCyclomaticComplexity="1" maxCrapScore="1" minCrapScore="1" visitedClasses="0" numClasses="0" visitedMethods="1" numMethods="1" />
              <MetadataToken>100663299</MetadataToken>
              <Name>System.Void Admin.Tests.Controllers.LoginControllerTest::TestLogin()</Name>
              <FileRef uid="2" />
              <SequencePoints>
                <SequencePoint vc="1" uspid="7" ordinal="0" offset="0" sl="15" sc="9" el="15" ec="10" bec="0" bev="0" fileid="2" />
                <SequencePoint vc="1" uspid="8" ordinal="1" offset="1" sl="16" sc="13" el="16" ec="52" bec="0" bev="0" fileid="2" />
                <SequencePoint vc="1" uspid="9" ordinal="2" offset="7" sl="17" sc="13" el="17" ec="59" bec="0" bev="0" fileid="2" />
                <SequencePoint vc="1" uspid="10" ordinal="3" offset="19" sl="19" sc="13" el="19" ec="38" bec="0" bev="0" fileid="2" />
                <SequencePoint vc="1" uspid="11" ordinal="4" offset="26" sl="20" sc="9" el="20" ec="10" bec="0" bev="0" fileid="2" />
              </SequencePoints>
              <BranchPoints />
              <MethodPoint xsi:type="SequencePoint" vc="1" uspid="7" ordinal="0" offset="0" sl="15" sc="9" el="15" ec="10" bec="0" bev="0" fileid="2" />
            </Method>
            <Method visited="false" cyclomaticComplexity="1" nPathComplexity="0" sequenceCoverage="0" branchCoverage="0" crapScore="2" isConstructor="true" isStatic="false" isGetter="false" isSetter="false">
              <Summary numSequencePoints="0" visitedSequencePoints="0" numBranchPoints="0" visitedBranchPoints="0" sequenceCoverage="0" branchCoverage="0" maxCyclomaticComplexity="1" minCyclomaticComplexity="1" maxCrapScore="2" minCrapScore="2" visitedClasses="0" numClasses="0" visitedMethods="0" numMethods="0" />
              <MetadataToken>100663300</MetadataToken>
              <Name>System.Void Admin.Tests.Controllers.LoginControllerTest::.ctor()</Name>
              <SequencePoints />
              <BranchPoints />
              <MethodPoint vc="0" uspid="12" ordinal="0" offset="0" />
            </Method>
          </Methods>
        </Class>
        <Class>
          <Summary numSequencePoints="98" visitedSequencePoints="30" numBranchPoints="8" visitedBranchPoints="8" sequenceCoverage="30.61" branchCoverage="100" maxCyclomaticComplexity="1" minCyclomaticComplexity="1" maxCrapScore="2" minCrapScore="1" visitedClasses="1" numClasses="1" visitedMethods="8" numMethods="8" />
          <FullName>Admin.Tests.Controllers.SanPhamsControllerTest</FullName>
          <Methods>
            <Method visited="true" cyclomaticComplexity="1" nPathComplexity="0" sequenceCoverage="33.33" branchCoverage="100" crapScore="1.30" isConstructor="false" isStatic="false" isGetter="false" isSetter="false">
              <Summary numSequencePoints="9" visitedSequencePoints="3" numBranchPoints="1" visitedBranchPoints="1" sequenceCoverage="33.33" branchCoverage="100" maxCyclomaticComplexity="1" minCyclomaticComplexity="1" maxCrapScore="1.30" minCrapScore="1.30" visitedClasses="0" numClasses="0" visitedMethods="1" numMethods="1" />
              <MetadataToken>100663301</MetadataToken>
              <Name>System.Void Admin.Tests.Controllers.SanPhamsControllerTest::TestIndex()</Name>
              <FileRef uid="3" />
              <SequencePoints>
                <SequencePoint vc="1" uspid="13" ordinal="0" offset="0" sl="16" sc="9" el="16" ec="10" bec="0" bev="0" fileid="3" />
                <SequencePoint vc="1" uspid="14" ordinal="1" offset="1" sl="17" sc="13" el="17" ec="55" bec="0" bev="0" fileid="3" />
                <SequencePoint vc="1" uspid="15" ordinal="2" offset="7" sl="19" sc="13" el="19" ec="59" bec="0" bev="0" fileid="3" />
                <SequencePoint vc="0" uspid="16" ordinal="3" offset="19" sl="20" sc="13" el="20" ec="38" bec="0" bev="0" fileid="3" />
                <SequencePoint vc="0" uspid="17" ordinal="4" offset="26" sl="22" sc="13" el="22" ec="55" bec="0" bev="0" fileid="3" />
                <SequencePoint vc="0" uspid="18" ordinal="5" offset="38" sl="23" sc="13" el="23" ec="37" bec="0" bev="0" fileid="3" />
                <SequencePoint vc="0" uspid="19" ordinal="6" offset="45" sl="25" sc="13" el="25" ec="48" bec="0" bev="0" fileid="3" />
                <SequencePoint vc="0" uspid="20" ordinal="7" offset="51" sl="26" sc="13" el="26" ec="63" bec="0" bev="0" fileid="3" />
                <SequencePoint vc="0" uspid="21" ordinal="8" offset="74" sl="27" sc="9" el="27" ec="10" bec="0" bev="0" fileid="3" />
              </SequencePoints>
              <BranchPoints />
              <MethodPoint xsi:type="SequencePoint" vc="1" uspid="13" ordinal="0" offset="0" sl="16" sc="9" el="16" ec="10" bec="0" bev="0" fileid="3" />
            </Method>
            <Method visited="true" cyclomaticComplexity="1" nPathComplexity="0" sequenceCoverage="100" branchCoverage="100" crapScore="1" isConstructor="false" isStatic="false" isGetter="false" isSetter="false">
              <Summary numSequencePoints="5" visitedSequencePoints="5" numBranchPoints="1" visitedBranchPoints="1" sequenceCoverage="100" branchCoverage="100" maxCyclomaticComplexity="1" minCyclomaticComplexity="1" maxCrapScore="1" minCrapScore="1" visitedClasses="0" numClasses="0" visitedMethods="1" numMethods="1" />
              <MetadataToken>100663302</MetadataToken>
              <Name>System.Void Admin.Tests.Controllers.SanPhamsControllerTest::TestCreateG()</Name>
              <FileRef uid="3" />
              <SequencePoints>
                <SequencePoint vc="1" uspid="22" ordinal="0" offset="0" sl="31" sc="9" el="31" ec="10" bec="0" bev="0" fileid="3" />
                <SequencePoint vc="1" uspid="23" ordinal="1" offset="1" sl="32" sc="13" el="32" ec="55" bec="0" bev="0" fileid="3" />
                <SequencePoint vc="1" uspid="24" ordinal="2" offset="7" sl="34" sc="13" el="34" ec="60" bec="0" bev="0" fileid="3" />
                <SequencePoint vc="1" uspid="25" ordinal="3" offset="19" sl="35" sc="13" el="35" ec="38" bec="0" bev="0" fileid="3" />
                <SequencePoint vc="1" uspid="26" ordinal="4" offset="26" sl="36" sc="9" el="36" ec="10" bec="0" bev="0" fileid="3" />
              </SequencePoints>
              <BranchPoints />
              <MethodPoint xsi:type="SequencePoint" vc="1" uspid="22" ordinal="0" offset="0" sl="31" sc="9" el="31" ec="10" bec="0" bev="0" fileid="3" />
            </Method>
            <Method visited="true" cyclomaticComplexity="1" nPathComplexity="0" sequenceCoverage="55.56" branchCoverage="100" crapScore="1.09" isConstructor="false" isStatic="false" isGetter="false" isSetter="false">
              <Summary numSequencePoints="9" visitedSequencePoints="5" numBranchPoints="1" visitedBranchPoints="1" sequenceCoverage="55.56" branchCoverage="100" maxCyclomaticComplexity="1" minCyclomaticComplexity="1" maxCrapScore="1.09" minCrapScore="1.09" visitedClasses="0" numClasses="0" visitedMethods="1" numMethods="1" />
              <MetadataToken>100663303</MetadataToken>
              <Name>System.Void Admin.Tests.Controllers.SanPhamsControllerTest::TestCreateP()</Name>
              <FileRef uid="3" />
              <SequencePoints>
                <SequencePoint vc="1" uspid="27" ordinal="0" offset="0" sl="40" sc="9" el="40" ec="10" bec="0" bev="0" fileid="3" />
                <SequencePoint vc="1" uspid="28" ordinal="1" offset="1" sl="41" sc="13" el="41" ec="37" bec="0" bev="0" fileid="3" />
                <SequencePoint vc="1" uspid="29" ordinal="2" offset="7" sl="42" sc="13" el="47" ec="15" bec="0" bev="0" fileid="3" />
                <SequencePoint vc="1" uspid="30" ordinal="3" offset="64" sl="49" sc="13" el="49" ec="55" bec="0" bev="0" fileid="3" />
                <SequencePoint vc="1" uspid="31" ordinal="4" offset="70" sl="50" sc="13" el="50" ec="68" bec="0" bev="0" fileid="3" />
                <SequencePoint vc="0" uspid="32" ordinal="5" offset="83" sl="52" sc="13" el="52" ec="39" bec="0" bev="0" fileid="3" />
                <SequencePoint vc="0" uspid="33" ordinal="6" offset="90" sl="53" sc="13" el="53" ec="111" bec="0" bev="0" fileid="3" />
                <SequencePoint vc="0" uspid="34" ordinal="7" offset="133" sl="54" sc="13" el="54" ec="113" bec="0" bev="0" fileid="3" />
                <SequencePoint vc="0" uspid="35" ordinal="8" offset="176" sl="55" sc="9" el="55" ec="10" bec="0" bev="0" fileid="3" />
              </SequencePoints>
              <BranchPoints />
              <MethodPoint xsi:type="SequencePoint" vc="1" uspid="27" ordinal="0" offset="0" sl="40" sc="9" el="40" ec="10" bec="0" bev="0" fileid="3" />
            </Method>
            <Method visited="true" cyclomaticComplexity="1" nPathComplexity="0" sequenceCoverage="55.56" branchCoverage="100" crapScore="1.09" isConstructor="false" isStatic="false" isGetter="false" isSetter="false">
              <Summary numSequencePoints="9" visitedSequencePoints="5" numBranchPoints="1" visitedBranchPoints="1" sequenceCoverage="55.56" branchCoverage="100" maxCyclomaticComplexity="1" minCyclomaticComplexity="1" maxCrapScore="1.09" minCrapScore="1.09" visitedClasses="0" numClasses="0" visitedMethods="1" numMethods="1" />
              <MetadataToken>100663304</MetadataToken>
              <Name>System.Void Admin.Tests.Controllers.SanPhamsControllerTest::TestEditP()</Name>
              <FileRef uid="3" />
              <SequencePoints>
                <SequencePoint vc="1" uspid="36" ordinal="0" offset="0" sl="59" sc="9" el="59" ec="10" bec="0" bev="0" fileid="3" />
                <SequencePoint vc="1" uspid="37" ordinal="1" offset="1" sl="60" sc="13" el="60" ec="37" bec="0" bev="0" fileid="3" />
                <SequencePoint vc="1" uspid="38" ordinal="2" offset="7" sl="61" sc="13" el="66" ec="15" bec="0" bev="0" fileid="3" />
                <SequencePoint vc="1" uspid="39" ordinal="3" offset="64" sl="68" sc="13" el="68" ec="55" bec="0" bev="0" fileid="3" />
                <SequencePoint vc="1" uspid="40" ordinal="4" offset="70" sl="69" sc="13" el="69" ec="66" bec="0" bev="0" fileid="3" />
                <SequencePoint vc="0" uspid="41" ordinal="5" offset="83" sl="71" sc="13" el="71" ec="39" bec="0" bev="0" fileid="3" />
                <SequencePoint vc="0" uspid="42" ordinal="6" offset="90" sl="72" sc="13" el="72" ec="111" bec="0" bev="0" fileid="3" />
                <SequencePoint vc="0" uspid="43" ordinal="7" offset="133" sl="73" sc="13" el="73" ec="113" bec="0" bev="0" fileid="3" />
                <SequencePoint vc="0" uspid="44" ordinal="8" offset="176" sl="74" sc="9" el="74" ec="10" bec="0" bev="0" fileid="3" />
              </SequencePoints>
              <BranchPoints />
              <MethodPoint xsi:type="SequencePoint" vc="1" uspid="36" ordinal="0" offset="0" sl="59" sc="9" el="59" ec="10" bec="0" bev="0" fileid="3" />
            </Method>
            <Method visited="true" cyclomaticComplexity="1" nPathComplexity="0" sequenceCoverage="17.65" branchCoverage="100" crapScore="1.56" isConstructor="false" isStatic="false" isGetter="false" isSetter="false">
              <Summary numSequencePoints="17" visitedSequencePoints="3" numBranchPoints="1" visitedBranchPoints="1" sequenceCoverage="17.65" branchCoverage="100" maxCyclomaticComplexity="1" minCyclomaticComplexity="1" maxCrapScore="1.56" minCrapScore="1.56" visitedClasses="0" numClasses="0" visitedMethods="1" numMethods="1" />
              <MetadataToken>100663305</MetadataToken>
              <Name>System.Void Admin.Tests.Controllers.SanPhamsControllerTest::TestEditG()</Name>
              <FileRef uid="3" />
              <SequencePoints>
                <SequencePoint vc="1" uspid="45" ordinal="0" offset="0" sl="78" sc="9" el="78" ec="10" bec="0" bev="0" fileid="3" />
                <SequencePoint vc="1" uspid="46" ordinal="1" offset="1" sl="79" sc="13" el="79" ec="55" bec="0" bev="0" fileid="3" />
                <SequencePoint vc="1" uspid="47" ordinal="2" offset="7" sl="80" sc="13" el="80" ec="67" bec="0" bev="0" fileid="3" />
                <SequencePoint vc="0" uspid="48" ordinal="3" offset="14" sl="81" sc="13" el="81" ec="39" bec="0" bev="0" fileid="3" />
                <SequencePoint vc="0" uspid="49" ordinal="4" offset="21" sl="83" sc="13" el="83" ec="48" bec="0" bev="0" fileid="3" />
                <SequencePoint vc="0" uspid="50" ordinal="5" offset="27" sl="84" sc="13" el="84" ec="47" bec="0" bev="0" fileid="3" />
                <SequencePoint vc="0" uspid="51" ordinal="6" offset="39" sl="85" sc="13" el="85" ec="70" bec="0" bev="0" fileid="3" />
                <SequencePoint vc="0" uspid="52" ordinal="7" offset="63" sl="86" sc="13" el="86" ec="38" bec="0" bev="0" fileid="3" />
                <SequencePoint vc="0" uspid="53" ordinal="8" offset="71" sl="88" sc="13" el="88" ec="49" bec="0" bev="0" fileid="3" />
                <SequencePoint vc="0" uspid="54" ordinal="9" offset="85" sl="89" sc="13" el="89" ec="37" bec="0" bev="0" fileid="3" />
                <SequencePoint vc="0" uspid="55" ordinal="10" offset="93" sl="90" sc="13" el="90" ec="55" bec="0" bev="0" fileid="3" />
                <SequencePoint vc="0" uspid="56" ordinal="11" offset="112" sl="91" sc="13" el="91" ec="57" bec="0" bev="0" fileid="3" />
                <SequencePoint vc="0" uspid="57" ordinal="12" offset="131" sl="92" sc="13" el="92" ec="61" bec="0" bev="0" fileid="3" />
                <SequencePoint vc="0" uspid="58" ordinal="13" offset="150" sl="93" sc="13" el="93" ec="81" bec="0" bev="0" fileid="3" />
                <SequencePoint vc="0" uspid="59" ordinal="14" offset="179" sl="94" sc="13" el="94" ec="65" bec="0" bev="0" fileid="3" />
                <SequencePoint vc="0" uspid="60" ordinal="15" offset="198" sl="95" sc="13" el="95" ec="55" bec="0" bev="0" fileid="3" />
                <SequencePoint vc="0" uspid="61" ordinal="16" offset="217" sl="96" sc="9" el="96" ec="10" bec="0" bev="0" fileid="3" />
              </SequencePoints>
              <BranchPoints />
              <MethodPoint xsi:type="SequencePoint" vc="1" uspid="45" ordinal="0" offset="0" sl="78" sc="9" el="78" ec="10" bec="0" bev="0" fileid="3" />
            </Method>
            <Method visited="true" cyclomaticComplexity="1" nPathComplexity="0" sequenceCoverage="16.67" branchCoverage="100" crapScore="1.58" isConstructor="false" isStatic="false" isGetter="false" isSetter="false">
              <Summary numSequencePoints="18" visitedSequencePoints="3" numBranchPoints="1" visitedBranchPoints="1" sequenceCoverage="16.67" branchCoverage="100" maxCyclomaticComplexity="1" minCyclomaticComplexity="1" maxCrapScore="1.58" minCrapScore="1.58" visitedClasses="0" numClasses="0" visitedMethods="1" numMethods="1" />
              <MetadataToken>100663306</MetadataToken>
              <Name>System.Void Admin.Tests.Controllers.SanPhamsControllerTest::TestDeleteG()</Name>
              <FileRef uid="3" />
              <SequencePoints>
                <SequencePoint vc="1" uspid="62" ordinal="0" offset="0" sl="100" sc="9" el="100" ec="10" bec="0" bev="0" fileid="3" />
                <SequencePoint vc="1" uspid="63" ordinal="1" offset="1" sl="101" sc="13" el="101" ec="55" bec="0" bev="0" fileid="3" />
                <SequencePoint vc="1" uspid="64" ordinal="2" offset="7" sl="102" sc="13" el="102" ec="79" bec="0" bev="0" fileid="3" />
                <SequencePoint vc="0" uspid="65" ordinal="3" offset="20" sl="103" sc="13" el="103" ec="39" bec="0" bev="0" fileid="3" />
                <SequencePoint vc="0" uspid="66" ordinal="4" offset="27" sl="105" sc="13" el="105" ec="48" bec="0" bev="0" fileid="3" />
                <SequencePoint vc="0" uspid="67" ordinal="5" offset="33" sl="106" sc="13" el="106" ec="47" bec="0" bev="0" fileid="3" />
                <SequencePoint vc="0" uspid="68" ordinal="6" offset="45" sl="107" sc="13" el="107" ec="70" bec="0" bev="0" fileid="3" />
                <SequencePoint vc="0" uspid="69" ordinal="7" offset="69" sl="108" sc="13" el="108" ec="38" bec="0" bev="0" fileid="3" />
                <SequencePoint vc="0" uspid="70" ordinal="8" offset="77" sl="110" sc="13" el="110" ec="49" bec="0" bev="0" fileid="3" />
                <SequencePoint vc="0" uspid="71" ordinal="9" offset="91" sl="111" sc="13" el="111" ec="37" bec="0" bev="0" fileid="3" />
                <SequencePoint vc="0" uspid="72" ordinal="10" offset="99" sl="112" sc="13" el="112" ec="55" bec="0" bev="0" fileid="3" />
                <SequencePoint vc="0" uspid="73" ordinal="11" offset="118" sl="113" sc="13" el="113" ec="57" bec="0" bev="0" fileid="3" />
                <SequencePoint vc="0" uspid="74" ordinal="12" offset="137" sl="114" sc="13" el="114" ec="61" bec="0" bev="0" fileid="3" />
                <SequencePoint vc="0" uspid="75" ordinal="13" offset="156" sl="115" sc="13" el="115" ec="81" bec="0" bev="0" fileid="3" />
                <SequencePoint vc="0" uspid="76" ordinal="14" offset="185" sl="116" sc="13" el="116" ec="65" bec="0" bev="0" fileid="3" />
                <SequencePoint vc="0" uspid="77" ordinal="15" offset="204" sl="117" sc="13" el="117" ec="55" bec="0" bev="0" fileid="3" />
                <SequencePoint vc="0" uspid="78" ordinal="16" offset="223" sl="117" sc="56" el="117" ec="57" bec="0" bev="0" fileid="3" />
                <SequencePoint vc="0" uspid="79" ordinal="17" offset="224" sl="118" sc="9" el="118" ec="10" bec="0" bev="0" fileid="3" />
              </SequencePoints>
              <BranchPoints />
              <MethodPoint xsi:type="SequencePoint" vc="1" uspid="62" ordinal="0" offset="0" sl="100" sc="9" el="100" ec="10" bec="0" bev="0" fileid="3" />
            </Method>
            <Method visited="true" cyclomaticComplexity="1" nPathComplexity="0" sequenceCoverage="17.65" branchCoverage="100" crapScore="1.56" isConstructor="false" isStatic="false" isGetter="false" isSetter="false">
              <Summary numSequencePoints="17" visitedSequencePoints="3" numBranchPoints="1" visitedBranchPoints="1" sequenceCoverage="17.65" branchCoverage="100" maxCyclomaticComplexity="1" minCyclomaticComplexity="1" maxCrapScore="1.56" minCrapScore="1.56" visitedClasses="0" numClasses="0" visitedMethods="1" numMethods="1" />
              <MetadataToken>100663307</MetadataToken>
              <Name>System.Void Admin.Tests.Controllers.SanPhamsControllerTest::TestDetails()</Name>
              <FileRef uid="3" />
              <SequencePoints>
                <SequencePoint vc="1" uspid="80" ordinal="0" offset="0" sl="122" sc="9" el="122" ec="10" bec="0" bev="0" fileid="3" />
                <SequencePoint vc="1" uspid="81" ordinal="1" offset="1" sl="123" sc="13" el="123" ec="55" bec="0" bev="0" fileid="3" />
                <SequencePoint vc="1" uspid="82" ordinal="2" offset="7" sl="124" sc="13" el="124" ec="72" bec="0" bev="0" fileid="3" />
                <SequencePoint vc="0" uspid="83" ordinal="3" offset="19" sl="125" sc="13" el="125" ec="39" bec="0" bev="0" fileid="3" />
                <SequencePoint vc="0" uspid="84" ordinal="4" offset="26" sl="127" sc="13" el="127" ec="48" bec="0" bev="0" fileid="3" />
                <SequencePoint vc="0" uspid="85" ordinal="5" offset="32" sl="128" sc="13" el="128" ec="47" bec="0" bev="0" fileid="3" />
                <SequencePoint vc="0" uspid="86" ordinal="6" offset="44" sl="129" sc="13" el="129" ec="73" bec="0" bev="0" fileid="3" />
                <SequencePoint vc="0" uspid="87" ordinal="7" offset="68" sl="130" sc="13" el="130" ec="38" bec="0" bev="0" fileid="3" />
                <SequencePoint vc="0" uspid="88" ordinal="8" offset="76" sl="132" sc="13" el="132" ec="49" bec="0" bev="0" fileid="3" />
                <SequencePoint vc="0" uspid="89" ordinal="9" offset="90" sl="133" sc="13" el="133" ec="37" bec="0" bev="0" fileid="3" />
                <SequencePoint vc="0" uspid="90" ordinal="10" offset="98" sl="134" sc="13" el="134" ec="55" bec="0" bev="0" fileid="3" />
                <SequencePoint vc="0" uspid="91" ordinal="11" offset="117" sl="135" sc="13" el="135" ec="57" bec="0" bev="0" fileid="3" />
                <SequencePoint vc="0" uspid="92" ordinal="12" offset="136" sl="136" sc="13" el="136" ec="61" bec="0" bev="0" fileid="3" />
                <SequencePoint vc="0" uspid="93" ordinal="13" offset="155" sl="137" sc="13" el="137" ec="81" bec="0" bev="0" fileid="3" />
                <SequencePoint vc="0" uspid="94" ordinal="14" offset="184" sl="138" sc="13" el="138" ec="65" bec="0" bev="0" fileid="3" />
                <SequencePoint vc="0" uspid="95" ordinal="15" offset="203" sl="139" sc="13" el="139" ec="55" bec="0" bev="0" fileid="3" />
                <SequencePoint vc="0" uspid="96" ordinal="16" offset="222" sl="140" sc="9" el="140" ec="10" bec="0" bev="0" fileid="3" />
              </SequencePoints>
              <BranchPoints />
              <MethodPoint xsi:type="SequencePoint" vc="1" uspid="80" ordinal="0" offset="0" sl="122" sc="9" el="122" ec="10" bec="0" bev="0" fileid="3" />
            </Method>
            <Method visited="true" cyclomaticComplexity="1" nPathComplexity="0" sequenceCoverage="21.43" branchCoverage="100" crapScore="1.49" isConstructor="false" isStatic="false" isGetter="false" isSetter="false">
              <Summary numSequencePoints="14" visitedSequencePoints="3" numBranchPoints="1" visitedBranchPoints="1" sequenceCoverage="21.43" branchCoverage="100" maxCyclomaticComplexity="1" minCyclomaticComplexity="1" maxCrapScore="1.49" minCrapScore="1.49" visitedClasses="0" numClasses="0" visitedMethods="1" numMethods="1" />
              <MetadataToken>100663308</MetadataToken>
              <Name>System.Void Admin.Tests.Controllers.SanPhamsControllerTest::TestSearch2()</Name>
              <FileRef uid="3" />
              <SequencePoints>
                <SequencePoint vc="1" uspid="97" ordinal="0" offset="6" sl="144" sc="9" el="144" ec="10" bec="0" bev="0" fileid="3" />
                <SequencePoint vc="1" uspid="98" ordinal="1" offset="7" sl="145" sc="13" el="145" ec="48" bec="0" bev="0" fileid="3" />
                <SequencePoint vc="1" uspid="99" ordinal="2" offset="13" sl="146" sc="13" el="146" ec="49" bec="0" bev="0" fileid="3" />
                <SequencePoint vc="0" uspid="100" ordinal="3" offset="25" sl="147" sc="13" el="147" ec="66" bec="0" bev="0" fileid="3" />
                <SequencePoint vc="0" uspid="101" ordinal="4" offset="57" sl="148" sc="13" el="148" ec="100" bec="0" bev="0" fileid="3" />
                <SequencePoint vc="0" uspid="102" ordinal="5" offset="81" sl="150" sc="13" el="150" ec="55" bec="0" bev="0" fileid="3" />
                <SequencePoint vc="0" uspid="103" ordinal="6" offset="87" sl="151" sc="13" el="151" ec="67" bec="0" bev="0" fileid="3" />
                <SequencePoint vc="0" uspid="104" ordinal="7" offset="106" sl="152" sc="13" el="152" ec="38" bec="0" bev="0" fileid="3" />
                <SequencePoint vc="0" uspid="105" ordinal="8" offset="114" sl="154" sc="13" el="154" ec="55" bec="0" bev="0" fileid="3" />
                <SequencePoint vc="0" uspid="106" ordinal="9" offset="128" sl="155" sc="13" el="155" ec="37" bec="0" bev="0" fileid="3" />
                <SequencePoint vc="0" uspid="107" ordinal="10" offset="136" sl="157" sc="13" el="157" ec="57" bec="0" bev="0" fileid="3" />
                <SequencePoint vc="0" uspid="108" ordinal="11" offset="154" sl="158" sc="13" el="158" ec="60" bec="0" bev="0" fileid="3" />
                <SequencePoint vc="0" uspid="109" ordinal="12" offset="173" sl="159" sc="13" el="159" ec="66" bec="0" bev="0" fileid="3" />
                <SequencePoint vc="0" uspid="110" ordinal="13" offset="202" sl="160" sc="9" el="160" ec="10" bec="0" bev="0" fileid="3" />
              </SequencePoints>
              <BranchPoints />
              <MethodPoint vc="1" uspid="111" ordinal="0" offset="0" />
            </Method>
            <Method visited="false" cyclomaticComplexity="1" nPathComplexity="0" sequenceCoverage="0" branchCoverage="0" crapScore="2" isConstructor="true" isStatic="false" isGetter="false" isSetter="false">
              <Summary numSequencePoints="0" visitedSequencePoints="0" numBranchPoints="0" visitedBranchPoints="0" sequenceCoverage="0" branchCoverage="0" maxCyclomaticComplexity="1" minCyclomaticComplexity="1" maxCrapScore="2" minCrapScore="2" visitedClasses="0" numClasses="0" visitedMethods="0" numMethods="0" />
              <MetadataToken>100663309</MetadataToken>
              <Name>System.Void Admin.Tests.Controllers.SanPhamsControllerTest::.ctor()</Name>
              <SequencePoints />
              <BranchPoints />
              <MethodPoint vc="0" uspid="112" ordinal="0" offset="0" />
            </Method>
          </Methods>
        </Class>
        <Class>
          <Summary numSequencePoints="1" visitedSequencePoints="0" numBranchPoints="1" visitedBranchPoints="0" sequenceCoverage="0" branchCoverage="0" maxCyclomaticComplexity="1" minCyclomaticComplexity="1" maxCrapScore="2" minCrapScore="2" visitedClasses="0" numClasses="1" visitedMethods="0" numMethods="1" />
          <FullName>Admin.Tests.Controllers.SanPhamsControllerTest/&lt;&gt;c__DisplayClass7_0</FullName>
          <Methods>
            <Method visited="false" cyclomaticComplexity="1" nPathComplexity="0" sequenceCoverage="0" branchCoverage="0" crapScore="2" isConstructor="true" isStatic="false" isGetter="false" isSetter="false">
              <Summary numSequencePoints="0" visitedSequencePoints="0" numBranchPoints="0" visitedBranchPoints="0" sequenceCoverage="0" branchCoverage="0" maxCyclomaticComplexity="1" minCyclomaticComplexity="1" maxCrapScore="2" minCrapScore="2" visitedClasses="0" numClasses="0" visitedMethods="0" numMethods="0" />
              <MetadataToken>100663310</MetadataToken>
              <Name>System.Void Admin.Tests.Controllers.SanPhamsControllerTest/&lt;&gt;c__DisplayClass7_0::.ctor()</Name>
              <SequencePoints />
              <BranchPoints />
              <MethodPoint vc="0" uspid="113" ordinal="0" offset="0" />
            </Method>
            <Method visited="false" cyclomaticComplexity="1" nPathComplexity="0" sequenceCoverage="0" branchCoverage="0" crapScore="2" isConstructor="false" isStatic="false" isGetter="false" isSetter="false">
              <Summary numSequencePoints="1" visitedSequencePoints="0" numBranchPoints="1" visitedBranchPoints="0" sequenceCoverage="0" branchCoverage="0" maxCyclomaticComplexity="1" minCyclomaticComplexity="1" maxCrapScore="2" minCrapScore="2" visitedClasses="0" numClasses="0" visitedMethods="0" numMethods="1" />
              <MetadataToken>100663311</MetadataToken>
              <Name>System.Boolean Admin.Tests.Controllers.SanPhamsControllerTest/&lt;&gt;c__DisplayClass7_0::&lt;TestSearch2&gt;b__0(Admin.Models.SanPham)</Name>
              <FileRef uid="3" />
              <SequencePoints>
                <SequencePoint vc="0" uspid="114" ordinal="0" offset="0" sl="148" sc="44" el="148" ec="89" bec="0" bev="0" fileid="3" />
              </SequencePoints>
              <BranchPoints />
              <MethodPoint xsi:type="SequencePoint" vc="0" uspid="114" ordinal="0" offset="0" sl="148" sc="44" el="148" ec="89" bec="0" bev="0" fileid="3" />
            </Method>
          </Methods>
        </Class>
      </Classes>
    </Module>
    <Module hash="6C-85-B1-09-DA-04-36-CE-58-2E-AE-9E-43-68-EF-B2-C6-AF-1A-0C">
      <Summary numSequencePoints="433" visitedSequencePoints="55" numBranchPoints="292" visitedBranchPoints="33" sequenceCoverage="12.70" branchCoverage="11.30" maxCyclomaticComplexity="7" minCyclomaticComplexity="0" maxCrapScore="56" minCrapScore="0" visitedClasses="5" numClasses="21" visitedMethods="30" numMethods="228" />
      <ModulePath>E:\Study\NH 2020-2021 HK2\Đồ án 2\Admin\Admin.Tests\bin\Debug\fine-code-coverage\build-output\Admin.dll</ModulePath>
      <ModuleTime>2021-06-14T15:06:18.6343346Z</ModuleTime>
      <ModuleName>Admin</ModuleName>
      <Files>
        <File uid="9" fullPath="E:\Study\NH 2020-2021 HK2\Đồ án 2\Admin\Admin\App_Start\BundleConfig.cs" />
        <File uid="10" fullPath="E:\Study\NH 2020-2021 HK2\Đồ án 2\Admin\Admin\App_Start\FilterConfig.cs" />
        <File uid="11" fullPath="E:\Study\NH 2020-2021 HK2\Đồ án 2\Admin\Admin\App_Start\RouteConfig.cs" />
        <File uid="12" fullPath="E:\Study\NH 2020-2021 HK2\Đồ án 2\Admin\Admin\Global.asax.cs" />
        <File uid="13" fullPath="E:\Study\NH 2020-2021 HK2\Đồ án 2\Admin\Admin\Models\ChiTietDonHang.cs" />
        <File uid="14" fullPath="E:\Study\NH 2020-2021 HK2\Đồ án 2\Admin\Admin\Models\ChiTietGioHang.cs" />
        <File uid="15" fullPath="E:\Study\NH 2020-2021 HK2\Đồ án 2\Admin\Admin\Models\DonHang.cs" />
        <File uid="16" fullPath="E:\Study\NH 2020-2021 HK2\Đồ án 2\Admin\Admin\Models\GioHang.cs" />
        <File uid="17" fullPath="E:\Study\NH 2020-2021 HK2\Đồ án 2\Admin\Admin\Models\KhachHang.cs" />
        <File uid="18" fullPath="E:\Study\NH 2020-2021 HK2\Đồ án 2\Admin\Admin\Models\LichSuGiaoDich.cs" />
        <File uid="19" fullPath="E:\Study\NH 2020-2021 HK2\Đồ án 2\Admin\Admin\Models\LoaiSanPham.cs" />
        <File uid="20" fullPath="E:\Study\NH 2020-2021 HK2\Đồ án 2\Admin\Admin\Models\Model1.Context.cs" />
        <File uid="21" fullPath="E:\Study\NH 2020-2021 HK2\Đồ án 2\Admin\Admin\Models\QuanTri.cs" />
        <File uid="22" fullPath="E:\Study\NH 2020-2021 HK2\Đồ án 2\Admin\Admin\Models\SanPham.cs" />
        <File uid="23" fullPath="E:\Study\NH 2020-2021 HK2\Đồ án 2\Admin\Admin\Models\sysdiagram.cs" />
        <File uid="24" fullPath="E:\Study\NH 2020-2021 HK2\Đồ án 2\Admin\Admin\Models\TrangThaiDonHang.cs" />
        <File uid="25" fullPath="E:\Study\NH 2020-2021 HK2\Đồ án 2\Admin\Admin\Controllers\DonHangsController.cs" />
        <File uid="26" fullPath="E:\Study\NH 2020-2021 HK2\Đồ án 2\Admin\Admin\Controllers\HomeController.cs" />
        <File uid="27" fullPath="E:\Study\NH 2020-2021 HK2\Đồ án 2\Admin\Admin\Controllers\LoginController.cs" />
        <File uid="28" fullPath="E:\Study\NH 2020-2021 HK2\Đồ án 2\Admin\Admin\Controllers\SanPhamsController.cs" />
      </Files>
      <Classes>
        <Class>
          <Summary numSequencePoints="0" visitedSequencePoints="0" numBranchPoints="0" visitedBranchPoints="0" sequenceCoverage="0" branchCoverage="0" maxCyclomaticComplexity="7" minCyclomaticComplexity="1" maxCrapScore="56" minCrapScore="2" visitedClasses="0" numClasses="0" visitedMethods="0" numMethods="0" />
          <FullName>&lt;&gt;f__AnonymousType0`3</FullName>
          <Methods>
            <Method visited="false" cyclomaticComplexity="1" nPathComplexity="0" sequenceCoverage="0" branchCoverage="0" crapScore="2" isConstructor="false" isStatic="false" isGetter="true" isSetter="false">
              <Summary numSequencePoints="0" visitedSequencePoints="0" numBranchPoints="0" visitedBranchPoints="0" sequenceCoverage="0" branchCoverage="0" maxCyclomaticComplexity="1" minCyclomaticComplexity="1" maxCrapScore="2" minCrapScore="2" visitedClasses="0" numClasses="0" visitedMethods="0" numMethods="0" />
              <MetadataToken>100663297</MetadataToken>
              <Name>&lt;controller&gt;j__TPar &lt;&gt;f__AnonymousType0`3::get_controller()</Name>
              <SequencePoints />
              <BranchPoints />
              <MethodPoint vc="0" uspid="115" ordinal="0" offset="0" />
            </Method>
            <Method visited="false" cyclomaticComplexity="1" nPathComplexity="0" sequenceCoverage="0" branchCoverage="0" crapScore="2" isConstructor="false" isStatic="false" isGetter="true" isSetter="false">
              <Summary numSequencePoints="0" visitedSequencePoints="0" numBranchPoints="0" visitedBranchPoints="0" sequenceCoverage="0" branchCoverage="0" maxCyclomaticComplexity="1" minCyclomaticComplexity="1" maxCrapScore="2" minCrapScore="2" visitedClasses="0" numClasses="0" visitedMethods="0" numMethods="0" />
              <MetadataToken>100663298</MetadataToken>
              <Name>&lt;action&gt;j__TPar &lt;&gt;f__AnonymousType0`3::get_action()</Name>
              <SequencePoints />
              <BranchPoints />
              <MethodPoint vc="0" uspid="116" ordinal="0" offset="0" />
            </Method>
            <Method visited="false" cyclomaticComplexity="1" nPathComplexity="0" sequenceCoverage="0" branchCoverage="0" crapScore="2" isConstructor="false" isStatic="false" isGetter="true" isSetter="false">
              <Summary numSequencePoints="0" visitedSequencePoints="0" numBranchPoints="0" visitedBranchPoints="0" sequenceCoverage="0" branchCoverage="0" maxCyclomaticComplexity="1" minCyclomaticComplexity="1" maxCrapScore="2" minCrapScore="2" visitedClasses="0" numClasses="0" visitedMethods="0" numMethods="0" />
              <MetadataToken>100663299</MetadataToken>
              <Name>&lt;id&gt;j__TPar &lt;&gt;f__AnonymousType0`3::get_id()</Name>
              <SequencePoints />
              <BranchPoints />
              <MethodPoint vc="0" uspid="117" ordinal="0" offset="0" />
            </Method>
            <Method visited="false" cyclomaticComplexity="1" nPathComplexity="0" sequenceCoverage="0" branchCoverage="0" crapScore="2" isConstructor="true" isStatic="false" isGetter="false" isSetter="false">
              <Summary numSequencePoints="0" visitedSequencePoints="0" numBranchPoints="0" visitedBranchPoints="0" sequenceCoverage="0" branchCoverage="0" maxCyclomaticComplexity="1" minCyclomaticComplexity="1" maxCrapScore="2" minCrapScore="2" visitedClasses="0" numClasses="0" visitedMethods="0" numMethods="0" />
              <MetadataToken>100663300</MetadataToken>
              <Name>System.Void &lt;&gt;f__AnonymousType0`3::.ctor(&lt;controller&gt;j__TPar,&lt;action&gt;j__TPar,&lt;id&gt;j__TPar)</Name>
              <SequencePoints />
              <BranchPoints />
              <MethodPoint vc="0" uspid="118" ordinal="0" offset="0" />
            </Method>
            <Method visited="false" cyclomaticComplexity="6" nPathComplexity="0" sequenceCoverage="0" branchCoverage="0" crapScore="42" isConstructor="false" isStatic="false" isGetter="false" isSetter="false">
              <Summary numSequencePoints="0" visitedSequencePoints="0" numBranchPoints="0" visitedBranchPoints="0" sequenceCoverage="0" branchCoverage="0" maxCyclomaticComplexity="6" minCyclomaticComplexity="6" maxCrapScore="42" minCrapScore="42" visitedClasses="0" numClasses="0" visitedMethods="0" numMethods="0" />
              <MetadataToken>100663301</MetadataToken>
              <Name>System.Boolean &lt;&gt;f__AnonymousType0`3::Equals(System.Object)</Name>
              <SequencePoints />
              <BranchPoints />
              <MethodPoint vc="0" uspid="119" ordinal="0" offset="0" />
            </Method>
            <Method visited="false" cyclomaticComplexity="1" nPathComplexity="0" sequenceCoverage="0" branchCoverage="0" crapScore="2" isConstructor="false" isStatic="false" isGetter="false" isSetter="false">
              <Summary numSequencePoints="0" visitedSequencePoints="0" numBranchPoints="0" visitedBranchPoints="0" sequenceCoverage="0" branchCoverage="0" maxCyclomaticComplexity="1" minCyclomaticComplexity="1" maxCrapScore="2" minCrapScore="2" visitedClasses="0" numClasses="0" visitedMethods="0" numMethods="0" />
              <MetadataToken>100663302</MetadataToken>
              <Name>System.Int32 &lt;&gt;f__AnonymousType0`3::GetHashCode()</Name>
              <SequencePoints />
              <BranchPoints />
              <MethodPoint vc="0" uspid="120" ordinal="0" offset="0" />
            </Method>
            <Method visited="false" cyclomaticComplexity="7" nPathComplexity="0" sequenceCoverage="0" branchCoverage="0" crapScore="56" isConstructor="false" isStatic="false" isGetter="false" isSetter="false">
              <Summary numSequencePoints="0" visitedSequencePoints="0" numBranchPoints="0" visitedBranchPoints="0" sequenceCoverage="0" branchCoverage="0" maxCyclomaticComplexity="7" minCyclomaticComplexity="7" maxCrapScore="56" minCrapScore="56" visitedClasses="0" numClasses="0" visitedMethods="0" numMethods="0" />
              <MetadataToken>100663303</MetadataToken>
              <Name>System.String &lt;&gt;f__AnonymousType0`3::ToString()</Name>
              <SequencePoints />
              <BranchPoints />
              <MethodPoint vc="0" uspid="121" ordinal="0" offset="0" />
            </Method>
          </Methods>
        </Class>
        <Class>
          <Summary numSequencePoints="7" visitedSequencePoints="0" numBranchPoints="1" visitedBranchPoints="0" sequenceCoverage="0" branchCoverage="0" maxCyclomaticComplexity="1" minCyclomaticComplexity="1" maxCrapScore="2" minCrapScore="2" visitedClasses="0" numClasses="1" visitedMethods="0" numMethods="1" />
          <FullName>Admin.BundleConfig</FullName>
          <Methods>
            <Method visited="false" cyclomaticComplexity="1" nPathComplexity="0" sequenceCoverage="0" branchCoverage="0" crapScore="2" isConstructor="false" isStatic="true" isGetter="false" isSetter="false">
              <Summary numSequencePoints="7" visitedSequencePoints="0" numBranchPoints="1" visitedBranchPoints="0" sequenceCoverage="0" branchCoverage="0" maxCyclomaticComplexity="1" minCyclomaticComplexity="1" maxCrapScore="2" minCrapScore="2" visitedClasses="0" numClasses="0" visitedMethods="0" numMethods="1" />
              <MetadataToken>100663304</MetadataToken>
              <Name>System.Void Admin.BundleConfig::RegisterBundles(System.Web.Optimization.BundleCollection)</Name>
              <FileRef uid="9" />
              <SequencePoints>
                <SequencePoint vc="0" uspid="122" ordinal="0" offset="0" sl="10" sc="9" el="10" ec="10" bec="0" bev="0" fileid="9" />
                <SequencePoint vc="0" uspid="123" ordinal="1" offset="1" sl="11" sc="13" el="12" ec="59" bec="0" bev="0" fileid="9" />
                <SequencePoint vc="0" uspid="124" ordinal="2" offset="33" sl="14" sc="13" el="15" ec="56" bec="0" bev="0" fileid="9" />
                <SequencePoint vc="0" uspid="125" ordinal="3" offset="65" sl="19" sc="13" el="20" ec="51" bec="0" bev="0" fileid="9" />
                <SequencePoint vc="0" uspid="126" ordinal="4" offset="97" sl="22" sc="13" el="23" ec="50" bec="0" bev="0" fileid="9" />
                <SequencePoint vc="0" uspid="127" ordinal="5" offset="129" sl="25" sc="13" el="27" ec="46" bec="0" bev="0" fileid="9" />
                <SequencePoint vc="0" uspid="128" ordinal="6" offset="173" sl="28" sc="9" el="28" ec="10" bec="0" bev="0" fileid="9" />
              </SequencePoints>
              <BranchPoints />
              <MethodPoint xsi:type="SequencePoint" vc="0" uspid="122" ordinal="0" offset="0" sl="10" sc="9" el="10" ec="10" bec="0" bev="0" fileid="9" />
            </Method>
            <Method visited="false" cyclomaticComplexity="1" nPathComplexity="0" sequenceCoverage="0" branchCoverage="0" crapScore="2" isConstructor="true" isStatic="false" isGetter="false" isSetter="false">
              <Summary numSequencePoints="0" visitedSequencePoints="0" numBranchPoints="0" visitedBranchPoints="0" sequenceCoverage="0" branchCoverage="0" maxCyclomaticComplexity="1" minCyclomaticComplexity="1" maxCrapScore="2" minCrapScore="2" visitedClasses="0" numClasses="0" visitedMethods="0" numMethods="0" />
              <MetadataToken>100663305</MetadataToken>
              <Name>System.Void Admin.BundleConfig::.ctor()</Name>
              <SequencePoints />
              <BranchPoints />
              <MethodPoint vc="0" uspid="129" ordinal="0" offset="0" />
            </Method>
          </Methods>
        </Class>
        <Class>
          <Summary numSequencePoints="3" visitedSequencePoints="0" numBranchPoints="1" visitedBranchPoints="0" sequenceCoverage="0" branchCoverage="0" maxCyclomaticComplexity="1" minCyclomaticComplexity="1" maxCrapScore="2" minCrapScore="2" visitedClasses="0" numClasses="1" visitedMethods="0" numMethods="1" />
          <FullName>Admin.FilterConfig</FullName>
          <Methods>
            <Method visited="false" cyclomaticComplexity="1" nPathComplexity="0" sequenceCoverage="0" branchCoverage="0" crapScore="2" isConstructor="false" isStatic="true" isGetter="false" isSetter="false">
              <Summary numSequencePoints="3" visitedSequencePoints="0" numBranchPoints="1" visitedBranchPoints="0" sequenceCoverage="0" branchCoverage="0" maxCyclomaticComplexity="1" minCyclomaticComplexity="1" maxCrapScore="2" minCrapScore="2" visitedClasses="0" numClasses="0" visitedMethods="0" numMethods="1" />
              <MetadataToken>100663306</MetadataToken>
              <Name>System.Void Admin.FilterConfig::RegisterGlobalFilters(System.Web.Mvc.GlobalFilterCollection)</Name>
              <FileRef uid="10" />
              <SequencePoints>
                <SequencePoint vc="0" uspid="130" ordinal="0" offset="0" sl="9" sc="9" el="9" ec="10" bec="0" bev="0" fileid="10" />
                <SequencePoint vc="0" uspid="131" ordinal="1" offset="1" sl="10" sc="13" el="10" ec="53" bec="0" bev="0" fileid="10" />
                <SequencePoint vc="0" uspid="132" ordinal="2" offset="13" sl="11" sc="9" el="11" ec="10" bec="0" bev="0" fileid="10" />
              </SequencePoints>
              <BranchPoints />
              <MethodPoint xsi:type="SequencePoint" vc="0" uspid="130" ordinal="0" offset="0" sl="9" sc="9" el="9" ec="10" bec="0" bev="0" fileid="10" />
            </Method>
            <Method visited="false" cyclomaticComplexity="1" nPathComplexity="0" sequenceCoverage="0" branchCoverage="0" crapScore="2" isConstructor="true" isStatic="false" isGetter="false" isSetter="false">
              <Summary numSequencePoints="0" visitedSequencePoints="0" numBranchPoints="0" visitedBranchPoints="0" sequenceCoverage="0" branchCoverage="0" maxCyclomaticComplexity="1" minCyclomaticComplexity="1" maxCrapScore="2" minCrapScore="2" visitedClasses="0" numClasses="0" visitedMethods="0" numMethods="0" />
              <MetadataToken>100663307</MetadataToken>
              <Name>System.Void Admin.FilterConfig::.ctor()</Name>
              <SequencePoints />
              <BranchPoints />
              <MethodPoint vc="0" uspid="133" ordinal="0" offset="0" />
            </Method>
          </Methods>
        </Class>
        <Class>
          <Summary numSequencePoints="4" visitedSequencePoints="0" numBranchPoints="1" visitedBranchPoints="0" sequenceCoverage="0" branchCoverage="0" maxCyclomaticComplexity="1" minCyclomaticComplexity="1" maxCrapScore="2" minCrapScore="2" visitedClasses="0" numClasses="1" visitedMethods="0" numMethods="1" />
          <FullName>Admin.RouteConfig</FullName>
          <Methods>
            <Method visited="false" cyclomaticComplexity="1" nPathComplexity="0" sequenceCoverage="0" branchCoverage="0" crapScore="2" isConstructor="false" isStatic="true" isGetter="false" isSetter="false">
              <Summary numSequencePoints="4" visitedSequencePoints="0" numBranchPoints="1" visitedBranchPoints="0" sequenceCoverage="0" branchCoverage="0" maxCyclomaticComplexity="1" minCyclomaticComplexity="1" maxCrapScore="2" minCrapScore="2" visitedClasses="0" numClasses="0" visitedMethods="0" numMethods="1" />
              <MetadataToken>100663308</MetadataToken>
              <Name>System.Void Admin.RouteConfig::RegisterRoutes(System.Web.Routing.RouteCollection)</Name>
              <FileRef uid="11" />
              <SequencePoints>
                <SequencePoint vc="0" uspid="134" ordinal="0" offset="0" sl="13" sc="9" el="13" ec="10" bec="0" bev="0" fileid="11" />
                <SequencePoint vc="0" uspid="135" ordinal="1" offset="1" sl="14" sc="13" el="14" ec="62" bec="0" bev="0" fileid="11" />
                <SequencePoint vc="0" uspid="136" ordinal="2" offset="13" sl="16" sc="13" el="20" ec="15" bec="0" bev="0" fileid="11" />
                <SequencePoint vc="0" uspid="137" ordinal="3" offset="50" sl="21" sc="9" el="21" ec="10" bec="0" bev="0" fileid="11" />
              </SequencePoints>
              <BranchPoints />
              <MethodPoint xsi:type="SequencePoint" vc="0" uspid="134" ordinal="0" offset="0" sl="13" sc="9" el="13" ec="10" bec="0" bev="0" fileid="11" />
            </Method>
            <Method visited="false" cyclomaticComplexity="1" nPathComplexity="0" sequenceCoverage="0" branchCoverage="0" crapScore="2" isConstructor="true" isStatic="false" isGetter="false" isSetter="false">
              <Summary numSequencePoints="0" visitedSequencePoints="0" numBranchPoints="0" visitedBranchPoints="0" sequenceCoverage="0" branchCoverage="0" maxCyclomaticComplexity="1" minCyclomaticComplexity="1" maxCrapScore="2" minCrapScore="2" visitedClasses="0" numClasses="0" visitedMethods="0" numMethods="0" />
              <MetadataToken>100663309</MetadataToken>
              <Name>System.Void Admin.RouteConfig::.ctor()</Name>
              <SequencePoints />
              <BranchPoints />
              <MethodPoint vc="0" uspid="138" ordinal="0" offset="0" />
            </Method>
          </Methods>
        </Class>
        <Class>
          <Summary numSequencePoints="6" visitedSequencePoints="0" numBranchPoints="1" visitedBranchPoints="0" sequenceCoverage="0" branchCoverage="0" maxCyclomaticComplexity="1" minCyclomaticComplexity="1" maxCrapScore="2" minCrapScore="2" visitedClasses="0" numClasses="1" visitedMethods="0" numMethods="1" />
          <FullName>Admin.MvcApplication</FullName>
          <Methods>
            <Method visited="false" cyclomaticComplexity="1" nPathComplexity="0" sequenceCoverage="0" branchCoverage="0" crapScore="2" isConstructor="false" isStatic="false" isGetter="false" isSetter="false">
              <Summary numSequencePoints="6" visitedSequencePoints="0" numBranchPoints="1" visitedBranchPoints="0" sequenceCoverage="0" branchCoverage="0" maxCyclomaticComplexity="1" minCyclomaticComplexity="1" maxCrapScore="2" minCrapScore="2" visitedClasses="0" numClasses="0" visitedMethods="0" numMethods="1" />
              <MetadataToken>100663310</MetadataToken>
              <Name>System.Void Admin.MvcApplication::Application_Start()</Name>
              <FileRef uid="12" />
              <SequencePoints>
                <SequencePoint vc="0" uspid="139" ordinal="0" offset="0" sl="14" sc="9" el="14" ec="10" bec="0" bev="0" fileid="12" />
                <SequencePoint vc="0" uspid="140" ordinal="1" offset="1" sl="15" sc="13" el="15" ec="49" bec="0" bev="0" fileid="12" />
                <SequencePoint vc="0" uspid="141" ordinal="2" offset="7" sl="16" sc="13" el="16" ec="71" bec="0" bev="0" fileid="12" />
                <SequencePoint vc="0" uspid="142" ordinal="3" offset="18" sl="17" sc="13" el="17" ec="59" bec="0" bev="0" fileid="12" />
                <SequencePoint vc="0" uspid="143" ordinal="4" offset="29" sl="18" sc="13" el="18" ec="63" bec="0" bev="0" fileid="12" />
                <SequencePoint vc="0" uspid="144" ordinal="5" offset="40" sl="19" sc="9" el="19" ec="10" bec="0" bev="0" fileid="12" />
              </SequencePoints>
              <BranchPoints />
              <MethodPoint xsi:type="SequencePoint" vc="0" uspid="139" ordinal="0" offset="0" sl="14" sc="9" el="14" ec="10" bec="0" bev="0" fileid="12" />
            </Method>
            <Method visited="false" cyclomaticComplexity="1" nPathComplexity="0" sequenceCoverage="0" branchCoverage="0" crapScore="2" isConstructor="true" isStatic="false" isGetter="false" isSetter="false">
              <Summary numSequencePoints="0" visitedSequencePoints="0" numBranchPoints="0" visitedBranchPoints="0" sequenceCoverage="0" branchCoverage="0" maxCyclomaticComplexity="1" minCyclomaticComplexity="1" maxCrapScore="2" minCrapScore="2" visitedClasses="0" numClasses="0" visitedMethods="0" numMethods="0" />
              <MetadataToken>100663311</MetadataToken>
              <Name>System.Void Admin.MvcApplication::.ctor()</Name>
              <SequencePoints />
              <BranchPoints />
              <MethodPoint vc="0" uspid="145" ordinal="0" offset="0" />
            </Method>
          </Methods>
        </Class>
        <Class>
          <Summary numSequencePoints="16" visitedSequencePoints="0" numBranchPoints="16" visitedBranchPoints="0" sequenceCoverage="0" branchCoverage="0" maxCyclomaticComplexity="1" minCyclomaticComplexity="1" maxCrapScore="2" minCrapScore="2" visitedClasses="0" numClasses="1" visitedMethods="0" numMethods="16" />
          <FullName>Admin.Models.ChiTietDonHang</FullName>
          <Methods>
            <Method visited="false" cyclomaticComplexity="1" nPathComplexity="0" sequenceCoverage="0" branchCoverage="0" crapScore="2" isConstructor="false" isStatic="false" isGetter="true" isSetter="false">
              <Summary numSequencePoints="1" visitedSequencePoints="0" numBranchPoints="1" visitedBranchPoints="0" sequenceCoverage="0" branchCoverage="0" maxCyclomaticComplexity="1" minCyclomaticComplexity="1" maxCrapScore="2" minCrapScore="2" visitedClasses="0" numClasses="0" visitedMethods="0" numMethods="1" />
              <MetadataToken>100663312</MetadataToken>
              <Name>System.Int32 Admin.Models.ChiTietDonHang::get_MaCTDH()</Name>
              <FileRef uid="13" />
              <SequencePoints>
                <SequencePoint vc="0" uspid="146" ordinal="0" offset="0" sl="17" sc="29" el="17" ec="33" bec="0" bev="0" fileid="13" />
              </SequencePoints>
              <BranchPoints />
              <MethodPoint xsi:type="SequencePoint" vc="0" uspid="146" ordinal="0" offset="0" sl="17" sc="29" el="17" ec="33" bec="0" bev="0" fileid="13" />
            </Method>
            <Method visited="false" cyclomaticComplexity="1" nPathComplexity="0" sequenceCoverage="0" branchCoverage="0" crapScore="2" isConstructor="false" isStatic="false" isGetter="false" isSetter="true">
              <Summary numSequencePoints="1" visitedSequencePoints="0" numBranchPoints="1" visitedBranchPoints="0" sequenceCoverage="0" branchCoverage="0" maxCyclomaticComplexity="1" minCyclomaticComplexity="1" maxCrapScore="2" minCrapScore="2" visitedClasses="0" numClasses="0" visitedMethods="0" numMethods="1" />
              <MetadataToken>100663313</MetadataToken>
              <Name>System.Void Admin.Models.ChiTietDonHang::set_MaCTDH(System.Int32)</Name>
              <FileRef uid="13" />
              <SequencePoints>
                <SequencePoint vc="0" uspid="147" ordinal="0" offset="0" sl="17" sc="34" el="17" ec="38" bec="0" bev="0" fileid="13" />
              </SequencePoints>
              <BranchPoints />
              <MethodPoint xsi:type="SequencePoint" vc="0" uspid="147" ordinal="0" offset="0" sl="17" sc="34" el="17" ec="38" bec="0" bev="0" fileid="13" />
            </Method>
            <Method visited="false" cyclomaticComplexity="1" nPathComplexity="0" sequenceCoverage="0" branchCoverage="0" crapScore="2" isConstructor="false" isStatic="false" isGetter="true" isSetter="false">
              <Summary numSequencePoints="1" visitedSequencePoints="0" numBranchPoints="1" visitedBranchPoints="0" sequenceCoverage="0" branchCoverage="0" maxCyclomaticComplexity="1" minCyclomaticComplexity="1" maxCrapScore="2" minCrapScore="2" visitedClasses="0" numClasses="0" visitedMethods="0" numMethods="1" />
              <MetadataToken>100663314</MetadataToken>
              <Name>System.Int32 Admin.Models.ChiTietDonHang::get_DonHang_ID()</Name>
              <FileRef uid="13" />
              <SequencePoints>
                <SequencePoint vc="0" uspid="148" ordinal="0" offset="0" sl="18" sc="33" el="18" ec="37" bec="0" bev="0" fileid="13" />
              </SequencePoints>
              <BranchPoints />
              <MethodPoint xsi:type="SequencePoint" vc="0" uspid="148" ordinal="0" offset="0" sl="18" sc="33" el="18" ec="37" bec="0" bev="0" fileid="13" />
            </Method>
            <Method visited="false" cyclomaticComplexity="1" nPathComplexity="0" sequenceCoverage="0" branchCoverage="0" crapScore="2" isConstructor="false" isStatic="false" isGetter="false" isSetter="true">
              <Summary numSequencePoints="1" visitedSequencePoints="0" numBranchPoints="1" visitedBranchPoints="0" sequenceCoverage="0" branchCoverage="0" maxCyclomaticComplexity="1" minCyclomaticComplexity="1" maxCrapScore="2" minCrapScore="2" visitedClasses="0" numClasses="0" visitedMethods="0" numMethods="1" />
              <MetadataToken>100663315</MetadataToken>
              <Name>System.Void Admin.Models.ChiTietDonHang::set_DonHang_ID(System.Int32)</Name>
              <FileRef uid="13" />
              <SequencePoints>
                <SequencePoint vc="0" uspid="149" ordinal="0" offset="0" sl="18" sc="38" el="18" ec="42" bec="0" bev="0" fileid="13" />
              </SequencePoints>
              <BranchPoints />
              <MethodPoint xsi:type="SequencePoint" vc="0" uspid="149" ordinal="0" offset="0" sl="18" sc="38" el="18" ec="42" bec="0" bev="0" fileid="13" />
            </Method>
            <Method visited="false" cyclomaticComplexity="1" nPathComplexity="0" sequenceCoverage="0" branchCoverage="0" crapScore="2" isConstructor="false" isStatic="false" isGetter="true" isSetter="false">
              <Summary numSequencePoints="1" visitedSequencePoints="0" numBranchPoints="1" visitedBranchPoints="0" sequenceCoverage="0" branchCoverage="0" maxCyclomaticComplexity="1" minCyclomaticComplexity="1" maxCrapScore="2" minCrapScore="2" visitedClasses="0" numClasses="0" visitedMethods="0" numMethods="1" />
              <MetadataToken>100663316</MetadataToken>
              <Name>System.Int32 Admin.Models.ChiTietDonHang::get_SanPham_ID()</Name>
              <FileRef uid="13" />
              <SequencePoints>
                <SequencePoint vc="0" uspid="150" ordinal="0" offset="0" sl="19" sc="33" el="19" ec="37" bec="0" bev="0" fileid="13" />
              </SequencePoints>
              <BranchPoints />
              <MethodPoint xsi:type="SequencePoint" vc="0" uspid="150" ordinal="0" offset="0" sl="19" sc="33" el="19" ec="37" bec="0" bev="0" fileid="13" />
            </Method>
            <Method visited="false" cyclomaticComplexity="1" nPathComplexity="0" sequenceCoverage="0" branchCoverage="0" crapScore="2" isConstructor="false" isStatic="false" isGetter="false" isSetter="true">
              <Summary numSequencePoints="1" visitedSequencePoints="0" numBranchPoints="1" visitedBranchPoints="0" sequenceCoverage="0" branchCoverage="0" maxCyclomaticComplexity="1" minCyclomaticComplexity="1" maxCrapScore="2" minCrapScore="2" visitedClasses="0" numClasses="0" visitedMethods="0" numMethods="1" />
              <MetadataToken>100663317</MetadataToken>
              <Name>System.Void Admin.Models.ChiTietDonHang::set_SanPham_ID(System.Int32)</Name>
              <FileRef uid="13" />
              <SequencePoints>
                <SequencePoint vc="0" uspid="151" ordinal="0" offset="0" sl="19" sc="38" el="19" ec="42" bec="0" bev="0" fileid="13" />
              </SequencePoints>
              <BranchPoints />
              <MethodPoint xsi:type="SequencePoint" vc="0" uspid="151" ordinal="0" offset="0" sl="19" sc="38" el="19" ec="42" bec="0" bev="0" fileid="13" />
            </Method>
            <Method visited="false" cyclomaticComplexity="1" nPathComplexity="0" sequenceCoverage="0" branchCoverage="0" crapScore="2" isConstructor="false" isStatic="false" isGetter="true" isSetter="false">
              <Summary numSequencePoints="1" visitedSequencePoints="0" numBranchPoints="1" visitedBranchPoints="0" sequenceCoverage="0" branchCoverage="0" maxCyclomaticComplexity="1" minCyclomaticComplexity="1" maxCrapScore="2" minCrapScore="2" visitedClasses="0" numClasses="0" visitedMethods="0" numMethods="1" />
              <MetadataToken>100663318</MetadataToken>
              <Name>System.Int32 Admin.Models.ChiTietDonHang::get_SoLuong()</Name>
              <FileRef uid="13" />
              <SequencePoints>
                <SequencePoint vc="0" uspid="152" ordinal="0" offset="0" sl="20" sc="30" el="20" ec="34" bec="0" bev="0" fileid="13" />
              </SequencePoints>
              <BranchPoints />
              <MethodPoint xsi:type="SequencePoint" vc="0" uspid="152" ordinal="0" offset="0" sl="20" sc="30" el="20" ec="34" bec="0" bev="0" fileid="13" />
            </Method>
            <Method visited="false" cyclomaticComplexity="1" nPathComplexity="0" sequenceCoverage="0" branchCoverage="0" crapScore="2" isConstructor="false" isStatic="false" isGetter="false" isSetter="true">
              <Summary numSequencePoints="1" visitedSequencePoints="0" numBranchPoints="1" visitedBranchPoints="0" sequenceCoverage="0" branchCoverage="0" maxCyclomaticComplexity="1" minCyclomaticComplexity="1" maxCrapScore="2" minCrapScore="2" visitedClasses="0" numClasses="0" visitedMethods="0" numMethods="1" />
              <MetadataToken>100663319</MetadataToken>
              <Name>System.Void Admin.Models.ChiTietDonHang::set_SoLuong(System.Int32)</Name>
              <FileRef uid="13" />
              <SequencePoints>
                <SequencePoint vc="0" uspid="153" ordinal="0" offset="0" sl="20" sc="35" el="20" ec="39" bec="0" bev="0" fileid="13" />
              </SequencePoints>
              <BranchPoints />
              <MethodPoint xsi:type="SequencePoint" vc="0" uspid="153" ordinal="0" offset="0" sl="20" sc="35" el="20" ec="39" bec="0" bev="0" fileid="13" />
            </Method>
            <Method visited="false" cyclomaticComplexity="1" nPathComplexity="0" sequenceCoverage="0" branchCoverage="0" crapScore="2" isConstructor="false" isStatic="false" isGetter="true" isSetter="false">
              <Summary numSequencePoints="1" visitedSequencePoints="0" numBranchPoints="1" visitedBranchPoints="0" sequenceCoverage="0" branchCoverage="0" maxCyclomaticComplexity="1" minCyclomaticComplexity="1" maxCrapScore="2" minCrapScore="2" visitedClasses="0" numClasses="0" visitedMethods="0" numMethods="1" />
              <MetadataToken>100663320</MetadataToken>
              <Name>System.Double Admin.Models.ChiTietDonHang::get_DonGia()</Name>
              <FileRef uid="13" />
              <SequencePoints>
                <SequencePoint vc="0" uspid="154" ordinal="0" offset="0" sl="21" sc="32" el="21" ec="36" bec="0" bev="0" fileid="13" />
              </SequencePoints>
              <BranchPoints />
              <MethodPoint xsi:type="SequencePoint" vc="0" uspid="154" ordinal="0" offset="0" sl="21" sc="32" el="21" ec="36" bec="0" bev="0" fileid="13" />
            </Method>
            <Method visited="false" cyclomaticComplexity="1" nPathComplexity="0" sequenceCoverage="0" branchCoverage="0" crapScore="2" isConstructor="false" isStatic="false" isGetter="false" isSetter="true">
              <Summary numSequencePoints="1" visitedSequencePoints="0" numBranchPoints="1" visitedBranchPoints="0" sequenceCoverage="0" branchCoverage="0" maxCyclomaticComplexity="1" minCyclomaticComplexity="1" maxCrapScore="2" minCrapScore="2" visitedClasses="0" numClasses="0" visitedMethods="0" numMethods="1" />
              <MetadataToken>100663321</MetadataToken>
              <Name>System.Void Admin.Models.ChiTietDonHang::set_DonGia(System.Double)</Name>
              <FileRef uid="13" />
              <SequencePoints>
                <SequencePoint vc="0" uspid="155" ordinal="0" offset="0" sl="21" sc="37" el="21" ec="41" bec="0" bev="0" fileid="13" />
              </SequencePoints>
              <BranchPoints />
              <MethodPoint xsi:type="SequencePoint" vc="0" uspid="155" ordinal="0" offset="0" sl="21" sc="37" el="21" ec="41" bec="0" bev="0" fileid="13" />
            </Method>
            <Method visited="false" cyclomaticComplexity="1" nPathComplexity="0" sequenceCoverage="0" branchCoverage="0" crapScore="2" isConstructor="false" isStatic="false" isGetter="true" isSetter="false">
              <Summary numSequencePoints="1" visitedSequencePoints="0" numBranchPoints="1" visitedBranchPoints="0" sequenceCoverage="0" branchCoverage="0" maxCyclomaticComplexity="1" minCyclomaticComplexity="1" maxCrapScore="2" minCrapScore="2" visitedClasses="0" numClasses="0" visitedMethods="0" numMethods="1" />
              <MetadataToken>100663322</MetadataToken>
              <Name>System.Double Admin.Models.ChiTietDonHang::get_ChietKhau()</Name>
              <FileRef uid="13" />
              <SequencePoints>
                <SequencePoint vc="0" uspid="156" ordinal="0" offset="0" sl="22" sc="35" el="22" ec="39" bec="0" bev="0" fileid="13" />
              </SequencePoints>
              <BranchPoints />
              <MethodPoint xsi:type="SequencePoint" vc="0" uspid="156" ordinal="0" offset="0" sl="22" sc="35" el="22" ec="39" bec="0" bev="0" fileid="13" />
            </Method>
            <Method visited="false" cyclomaticComplexity="1" nPathComplexity="0" sequenceCoverage="0" branchCoverage="0" crapScore="2" isConstructor="false" isStatic="false" isGetter="false" isSetter="true">
              <Summary numSequencePoints="1" visitedSequencePoints="0" numBranchPoints="1" visitedBranchPoints="0" sequenceCoverage="0" branchCoverage="0" maxCyclomaticComplexity="1" minCyclomaticComplexity="1" maxCrapScore="2" minCrapScore="2" visitedClasses="0" numClasses="0" visitedMethods="0" numMethods="1" />
              <MetadataToken>100663323</MetadataToken>
              <Name>System.Void Admin.Models.ChiTietDonHang::set_ChietKhau(System.Double)</Name>
              <FileRef uid="13" />
              <SequencePoints>
                <SequencePoint vc="0" uspid="157" ordinal="0" offset="0" sl="22" sc="40" el="22" ec="44" bec="0" bev="0" fileid="13" />
              </SequencePoints>
              <BranchPoints />
              <MethodPoint xsi:type="SequencePoint" vc="0" uspid="157" ordinal="0" offset="0" sl="22" sc="40" el="22" ec="44" bec="0" bev="0" fileid="13" />
            </Method>
            <Method visited="false" cyclomaticComplexity="1" nPathComplexity="0" sequenceCoverage="0" branchCoverage="0" crapScore="2" isConstructor="false" isStatic="false" isGetter="true" isSetter="false">
              <Summary numSequencePoints="1" visitedSequencePoints="0" numBranchPoints="1" visitedBranchPoints="0" sequenceCoverage="0" branchCoverage="0" maxCyclomaticComplexity="1" minCyclomaticComplexity="1" maxCrapScore="2" minCrapScore="2" visitedClasses="0" numClasses="0" visitedMethods="0" numMethods="1" />
              <MetadataToken>100663324</MetadataToken>
              <Name>System.Double Admin.Models.ChiTietDonHang::get_TongTien()</Name>
              <FileRef uid="13" />
              <SequencePoints>
                <SequencePoint vc="0" uspid="158" ordinal="0" offset="0" sl="23" sc="34" el="23" ec="38" bec="0" bev="0" fileid="13" />
              </SequencePoints>
              <BranchPoints />
              <MethodPoint xsi:type="SequencePoint" vc="0" uspid="158" ordinal="0" offset="0" sl="23" sc="34" el="23" ec="38" bec="0" bev="0" fileid="13" />
            </Method>
            <Method visited="false" cyclomaticComplexity="1" nPathComplexity="0" sequenceCoverage="0" branchCoverage="0" crapScore="2" isConstructor="false" isStatic="false" isGetter="false" isSetter="true">
              <Summary numSequencePoints="1" visitedSequencePoints="0" numBranchPoints="1" visitedBranchPoints="0" sequenceCoverage="0" branchCoverage="0" maxCyclomaticComplexity="1" minCyclomaticComplexity="1" maxCrapScore="2" minCrapScore="2" visitedClasses="0" numClasses="0" visitedMethods="0" numMethods="1" />
              <MetadataToken>100663325</MetadataToken>
              <Name>System.Void Admin.Models.ChiTietDonHang::set_TongTien(System.Double)</Name>
              <FileRef uid="13" />
              <SequencePoints>
                <SequencePoint vc="0" uspid="159" ordinal="0" offset="0" sl="23" sc="39" el="23" ec="43" bec="0" bev="0" fileid="13" />
              </SequencePoints>
              <BranchPoints />
              <MethodPoint xsi:type="SequencePoint" vc="0" uspid="159" ordinal="0" offset="0" sl="23" sc="39" el="23" ec="43" bec="0" bev="0" fileid="13" />
            </Method>
            <Method visited="false" cyclomaticComplexity="1" nPathComplexity="0" sequenceCoverage="0" branchCoverage="0" crapScore="2" isConstructor="false" isStatic="false" isGetter="true" isSetter="false">
              <Summary numSequencePoints="1" visitedSequencePoints="0" numBranchPoints="1" visitedBranchPoints="0" sequenceCoverage="0" branchCoverage="0" maxCyclomaticComplexity="1" minCyclomaticComplexity="1" maxCrapScore="2" minCrapScore="2" visitedClasses="0" numClasses="0" visitedMethods="0" numMethods="1" />
              <MetadataToken>100663326</MetadataToken>
              <Name>Admin.Models.DonHang Admin.Models.ChiTietDonHang::get_DonHang()</Name>
              <FileRef uid="13" />
              <SequencePoints>
                <SequencePoint vc="0" uspid="160" ordinal="0" offset="0" sl="25" sc="42" el="25" ec="46" bec="0" bev="0" fileid="13" />
              </SequencePoints>
              <BranchPoints />
              <MethodPoint xsi:type="SequencePoint" vc="0" uspid="160" ordinal="0" offset="0" sl="25" sc="42" el="25" ec="46" bec="0" bev="0" fileid="13" />
            </Method>
            <Method visited="false" cyclomaticComplexity="1" nPathComplexity="0" sequenceCoverage="0" branchCoverage="0" crapScore="2" isConstructor="false" isStatic="false" isGetter="false" isSetter="true">
              <Summary numSequencePoints="1" visitedSequencePoints="0" numBranchPoints="1" visitedBranchPoints="0" sequenceCoverage="0" branchCoverage="0" maxCyclomaticComplexity="1" minCyclomaticComplexity="1" maxCrapScore="2" minCrapScore="2" visitedClasses="0" numClasses="0" visitedMethods="0" numMethods="1" />
              <MetadataToken>100663327</MetadataToken>
              <Name>System.Void Admin.Models.ChiTietDonHang::set_DonHang(Admin.Models.DonHang)</Name>
              <FileRef uid="13" />
              <SequencePoints>
                <SequencePoint vc="0" uspid="161" ordinal="0" offset="0" sl="25" sc="47" el="25" ec="51" bec="0" bev="0" fileid="13" />
              </SequencePoints>
              <BranchPoints />
              <MethodPoint xsi:type="SequencePoint" vc="0" uspid="161" ordinal="0" offset="0" sl="25" sc="47" el="25" ec="51" bec="0" bev="0" fileid="13" />
            </Method>
            <Method visited="false" cyclomaticComplexity="1" nPathComplexity="0" sequenceCoverage="0" branchCoverage="0" crapScore="2" isConstructor="true" isStatic="false" isGetter="false" isSetter="false">
              <Summary numSequencePoints="0" visitedSequencePoints="0" numBranchPoints="0" visitedBranchPoints="0" sequenceCoverage="0" branchCoverage="0" maxCyclomaticComplexity="1" minCyclomaticComplexity="1" maxCrapScore="2" minCrapScore="2" visitedClasses="0" numClasses="0" visitedMethods="0" numMethods="0" />
              <MetadataToken>100663328</MetadataToken>
              <Name>System.Void Admin.Models.ChiTietDonHang::.ctor()</Name>
              <SequencePoints />
              <BranchPoints />
              <MethodPoint vc="0" uspid="162" ordinal="0" offset="0" />
            </Method>
          </Methods>
        </Class>
        <Class>
          <Summary numSequencePoints="20" visitedSequencePoints="0" numBranchPoints="20" visitedBranchPoints="0" sequenceCoverage="0" branchCoverage="0" maxCyclomaticComplexity="1" minCyclomaticComplexity="1" maxCrapScore="2" minCrapScore="2" visitedClasses="0" numClasses="1" visitedMethods="0" numMethods="20" />
          <FullName>Admin.Models.ChiTietGioHang</FullName>
          <Methods>
            <Method visited="false" cyclomaticComplexity="1" nPathComplexity="0" sequenceCoverage="0" branchCoverage="0" crapScore="2" isConstructor="false" isStatic="false" isGetter="true" isSetter="false">
              <Summary numSequencePoints="1" visitedSequencePoints="0" numBranchPoints="1" visitedBranchPoints="0" sequenceCoverage="0" branchCoverage="0" maxCyclomaticComplexity="1" minCyclomaticComplexity="1" maxCrapScore="2" minCrapScore="2" visitedClasses="0" numClasses="0" visitedMethods="0" numMethods="1" />
              <MetadataToken>100663329</MetadataToken>
              <Name>System.Int32 Admin.Models.ChiTietGioHang::get_MaCTGH()</Name>
              <FileRef uid="14" />
              <SequencePoints>
                <SequencePoint vc="0" uspid="163" ordinal="0" offset="0" sl="17" sc="29" el="17" ec="33" bec="0" bev="0" fileid="14" />
              </SequencePoints>
              <BranchPoints />
              <MethodPoint xsi:type="SequencePoint" vc="0" uspid="163" ordinal="0" offset="0" sl="17" sc="29" el="17" ec="33" bec="0" bev="0" fileid="14" />
            </Method>
            <Method visited="false" cyclomaticComplexity="1" nPathComplexity="0" sequenceCoverage="0" branchCoverage="0" crapScore="2" isConstructor="false" isStatic="false" isGetter="false" isSetter="true">
              <Summary numSequencePoints="1" visitedSequencePoints="0" numBranchPoints="1" visitedBranchPoints="0" sequenceCoverage="0" branchCoverage="0" maxCyclomaticComplexity="1" minCyclomaticComplexity="1" maxCrapScore="2" minCrapScore="2" visitedClasses="0" numClasses="0" visitedMethods="0" numMethods="1" />
              <MetadataToken>100663330</MetadataToken>
              <Name>System.Void Admin.Models.ChiTietGioHang::set_MaCTGH(System.Int32)</Name>
              <FileRef uid="14" />
              <SequencePoints>
                <SequencePoint vc="0" uspid="164" ordinal="0" offset="0" sl="17" sc="34" el="17" ec="38" bec="0" bev="0" fileid="14" />
              </SequencePoints>
              <BranchPoints />
              <MethodPoint xsi:type="SequencePoint" vc="0" uspid="164" ordinal="0" offset="0" sl="17" sc="34" el="17" ec="38" bec="0" bev="0" fileid="14" />
            </Method>
            <Method visited="false" cyclomaticComplexity="1" nPathComplexity="0" sequenceCoverage="0" branchCoverage="0" crapScore="2" isConstructor="false" isStatic="false" isGetter="true" isSetter="false">
              <Summary numSequencePoints="1" visitedSequencePoints="0" numBranchPoints="1" visitedBranchPoints="0" sequenceCoverage="0" branchCoverage="0" maxCyclomaticComplexity="1" minCyclomaticComplexity="1" maxCrapScore="2" minCrapScore="2" visitedClasses="0" numClasses="0" visitedMethods="0" numMethods="1" />
              <MetadataToken>100663331</MetadataToken>
              <Name>System.Int32 Admin.Models.ChiTietGioHang::get_GioHang_ID()</Name>
              <FileRef uid="14" />
              <SequencePoints>
                <SequencePoint vc="0" uspid="165" ordinal="0" offset="0" sl="18" sc="33" el="18" ec="37" bec="0" bev="0" fileid="14" />
              </SequencePoints>
              <BranchPoints />
              <MethodPoint xsi:type="SequencePoint" vc="0" uspid="165" ordinal="0" offset="0" sl="18" sc="33" el="18" ec="37" bec="0" bev="0" fileid="14" />
            </Method>
            <Method visited="false" cyclomaticComplexity="1" nPathComplexity="0" sequenceCoverage="0" branchCoverage="0" crapScore="2" isConstructor="false" isStatic="false" isGetter="false" isSetter="true">
              <Summary numSequencePoints="1" visitedSequencePoints="0" numBranchPoints="1" visitedBranchPoints="0" sequenceCoverage="0" branchCoverage="0" maxCyclomaticComplexity="1" minCyclomaticComplexity="1" maxCrapScore="2" minCrapScore="2" visitedClasses="0" numClasses="0" visitedMethods="0" numMethods="1" />
              <MetadataToken>100663332</MetadataToken>
              <Name>System.Void Admin.Models.ChiTietGioHang::set_GioHang_ID(System.Int32)</Name>
              <FileRef uid="14" />
              <SequencePoints>
                <SequencePoint vc="0" uspid="166" ordinal="0" offset="0" sl="18" sc="38" el="18" ec="42" bec="0" bev="0" fileid="14" />
              </SequencePoints>
              <BranchPoints />
              <MethodPoint xsi:type="SequencePoint" vc="0" uspid="166" ordinal="0" offset="0" sl="18" sc="38" el="18" ec="42" bec="0" bev="0" fileid="14" />
            </Method>
            <Method visited="false" cyclomaticComplexity="1" nPathComplexity="0" sequenceCoverage="0" branchCoverage="0" crapScore="2" isConstructor="false" isStatic="false" isGetter="true" isSetter="false">
              <Summary numSequencePoints="1" visitedSequencePoints="0" numBranchPoints="1" visitedBranchPoints="0" sequenceCoverage="0" branchCoverage="0" maxCyclomaticComplexity="1" minCyclomaticComplexity="1" maxCrapScore="2" minCrapScore="2" visitedClasses="0" numClasses="0" visitedMethods="0" numMethods="1" />
              <MetadataToken>100663333</MetadataToken>
              <Name>System.Int32 Admin.Models.ChiTietGioHang::get_SanPham_ID()</Name>
              <FileRef uid="14" />
              <SequencePoints>
                <SequencePoint vc="0" uspid="167" ordinal="0" offset="0" sl="19" sc="33" el="19" ec="37" bec="0" bev="0" fileid="14" />
              </SequencePoints>
              <BranchPoints />
              <MethodPoint xsi:type="SequencePoint" vc="0" uspid="167" ordinal="0" offset="0" sl="19" sc="33" el="19" ec="37" bec="0" bev="0" fileid="14" />
            </Method>
            <Method visited="false" cyclomaticComplexity="1" nPathComplexity="0" sequenceCoverage="0" branchCoverage="0" crapScore="2" isConstructor="false" isStatic="false" isGetter="false" isSetter="true">
              <Summary numSequencePoints="1" visitedSequencePoints="0" numBranchPoints="1" visitedBranchPoints="0" sequenceCoverage="0" branchCoverage="0" maxCyclomaticComplexity="1" minCyclomaticComplexity="1" maxCrapScore="2" minCrapScore="2" visitedClasses="0" numClasses="0" visitedMethods="0" numMethods="1" />
              <MetadataToken>100663334</MetadataToken>
              <Name>System.Void Admin.Models.ChiTietGioHang::set_SanPham_ID(System.Int32)</Name>
              <FileRef uid="14" />
              <SequencePoints>
                <SequencePoint vc="0" uspid="168" ordinal="0" offset="0" sl="19" sc="38" el="19" ec="42" bec="0" bev="0" fileid="14" />
              </SequencePoints>
              <BranchPoints />
              <MethodPoint xsi:type="SequencePoint" vc="0" uspid="168" ordinal="0" offset="0" sl="19" sc="38" el="19" ec="42" bec="0" bev="0" fileid="14" />
            </Method>
            <Method visited="false" cyclomaticComplexity="1" nPathComplexity="0" sequenceCoverage="0" branchCoverage="0" crapScore="2" isConstructor="false" isStatic="false" isGetter="true" isSetter="false">
[...]
                <SequencePoint vc="0" uspid="576" ordinal="8" offset="85" sl="102" sc="13" el="102" ec="106" bec="2" bev="0" fileid="28" />
                <SequencePoint vc="0" uspid="577" ordinal="9" offset="215" sl="103" sc="13" el="103" ec="34" bec="0" bev="0" fileid="28" />
                <SequencePoint vc="0" uspid="578" ordinal="10" offset="225" sl="104" sc="9" el="104" ec="10" bec="0" bev="0" fileid="28" />
              </SequencePoints>
              <BranchPoints>
                <BranchPoint vc="0" uspid="579" ordinal="0" offset="13" sl="93" path="0" offsetend="15" fileid="28" />
                <BranchPoint vc="0" uspid="580" ordinal="1" offset="13" sl="93" path="1" offsetend="32" fileid="28" />
                <BranchPoint vc="0" uspid="581" ordinal="2" offset="70" sl="98" path="0" offsetend="72" fileid="28" />
                <BranchPoint vc="0" uspid="582" ordinal="3" offset="70" sl="98" path="1" offsetend="85" fileid="28" />
                <BranchPoint vc="0" uspid="583" ordinal="4" offset="90" sl="102" path="0" offsetchain="92" offsetend="151" fileid="28" />
                <BranchPoint vc="0" uspid="584" ordinal="5" offset="90" sl="102" path="1" offsetend="94" fileid="28" />
              </BranchPoints>
              <MethodPoint xsi:type="SequencePoint" vc="0" uspid="568" ordinal="0" offset="0" sl="92" sc="9" el="92" ec="10" bec="0" bev="0" fileid="28" />
            </Method>
            <Method visited="true" cyclomaticComplexity="1" nPathComplexity="0" sequenceCoverage="100" branchCoverage="100" crapScore="1" isConstructor="false" isStatic="false" isGetter="false" isSetter="false">
              <Summary numSequencePoints="2" visitedSequencePoints="2" numBranchPoints="1" visitedBranchPoints="1" sequenceCoverage="100" branchCoverage="100" maxCyclomaticComplexity="1" minCyclomaticComplexity="1" maxCrapScore="1" minCrapScore="1" visitedClasses="0" numClasses="0" visitedMethods="1" numMethods="1" />
              <MetadataToken>100663535</MetadataToken>
              <Name>System.Web.Mvc.HttpNotFoundResult Admin.Controllers.SanPhamsController::Delete(System.String)</Name>
              <FileRef uid="28" />
              <SequencePoints>
                <SequencePoint vc="1" uspid="585" ordinal="0" offset="0" sl="107" sc="9" el="107" ec="10" bec="0" bev="0" fileid="28" />
                <SequencePoint vc="1" uspid="586" ordinal="1" offset="1" sl="108" sc="13" el="108" ec="49" bec="0" bev="0" fileid="28" />
              </SequencePoints>
              <BranchPoints />
              <MethodPoint xsi:type="SequencePoint" vc="1" uspid="585" ordinal="0" offset="0" sl="107" sc="9" el="107" ec="10" bec="0" bev="0" fileid="28" />
            </Method>
            <Method visited="true" cyclomaticComplexity="3" nPathComplexity="4" sequenceCoverage="44.44" branchCoverage="40" crapScore="4.54" isConstructor="false" isStatic="false" isGetter="false" isSetter="false">
              <Summary numSequencePoints="9" visitedSequencePoints="4" numBranchPoints="5" visitedBranchPoints="2" sequenceCoverage="44.44" branchCoverage="40" maxCyclomaticComplexity="3" minCyclomaticComplexity="3" maxCrapScore="4.54" minCrapScore="4.54" visitedClasses="0" numClasses="0" visitedMethods="1" numMethods="1" />
              <MetadataToken>100663536</MetadataToken>
              <Name>System.Web.Mvc.ActionResult Admin.Controllers.SanPhamsController::Edit(Admin.Models.SanPham)</Name>
              <FileRef uid="28" />
              <SequencePoints>
                <SequencePoint vc="1" uspid="587" ordinal="0" offset="0" sl="117" sc="9" el="117" ec="10" bec="0" bev="0" fileid="28" />
                <SequencePoint vc="1" uspid="588" ordinal="1" offset="1" sl="118" sc="13" el="118" ec="36" bec="2" bev="1" fileid="28" />
                <SequencePoint vc="1" uspid="589" ordinal="2" offset="16" sl="119" sc="13" el="119" ec="14" bec="0" bev="0" fileid="28" />
                <SequencePoint vc="1" uspid="590" ordinal="3" offset="17" sl="120" sc="17" el="120" ec="64" bec="0" bev="0" fileid="28" />
                <SequencePoint vc="0" uspid="591" ordinal="4" offset="37" sl="121" sc="17" el="121" ec="34" bec="0" bev="0" fileid="28" />
                <SequencePoint vc="0" uspid="592" ordinal="5" offset="49" sl="122" sc="17" el="122" ec="50" bec="0" bev="0" fileid="28" />
                <SequencePoint vc="0" uspid="593" ordinal="6" offset="66" sl="124" sc="13" el="124" ec="106" bec="2" bev="0" fileid="28" />
                <SequencePoint vc="0" uspid="594" ordinal="7" offset="196" sl="125" sc="13" el="125" ec="34" bec="0" bev="0" fileid="28" />
                <SequencePoint vc="0" uspid="595" ordinal="8" offset="206" sl="126" sc="9" el="126" ec="10" bec="0" bev="0" fileid="28" />
              </SequencePoints>
              <BranchPoints>
                <BranchPoint vc="1" uspid="596" ordinal="0" offset="14" sl="118" path="0" offsetend="16" fileid="28" />
                <BranchPoint vc="0" uspid="597" ordinal="1" offset="14" sl="118" path="1" offsetend="66" fileid="28" />
                <BranchPoint vc="0" uspid="598" ordinal="2" offset="71" sl="124" path="0" offsetchain="73" offsetend="132" fileid="28" />
                <BranchPoint vc="0" uspid="599" ordinal="3" offset="71" sl="124" path="1" offsetend="75" fileid="28" />
              </BranchPoints>
              <MethodPoint xsi:type="SequencePoint" vc="1" uspid="587" ordinal="0" offset="0" sl="117" sc="9" el="117" ec="10" bec="0" bev="0" fileid="28" />
            </Method>
            <Method visited="false" cyclomaticComplexity="3" nPathComplexity="4" sequenceCoverage="0" branchCoverage="0" crapScore="12" isConstructor="false" isStatic="false" isGetter="false" isSetter="false">
              <Summary numSequencePoints="10" visitedSequencePoints="0" numBranchPoints="5" visitedBranchPoints="0" sequenceCoverage="0" branchCoverage="0" maxCyclomaticComplexity="3" minCyclomaticComplexity="3" maxCrapScore="12" minCrapScore="12" visitedClasses="0" numClasses="0" visitedMethods="0" numMethods="1" />
              <MetadataToken>100663537</MetadataToken>
              <Name>System.Web.Mvc.ActionResult Admin.Controllers.SanPhamsController::Delete(System.Nullable`1&lt;System.Int32&gt;)</Name>
              <FileRef uid="28" />
              <SequencePoints>
                <SequencePoint vc="0" uspid="600" ordinal="0" offset="0" sl="130" sc="9" el="130" ec="10" bec="0" bev="0" fileid="28" />
                <SequencePoint vc="0" uspid="601" ordinal="1" offset="1" sl="131" sc="13" el="131" ec="28" bec="2" bev="0" fileid="28" />
                <SequencePoint vc="0" uspid="602" ordinal="2" offset="15" sl="132" sc="13" el="132" ec="14" bec="0" bev="0" fileid="28" />
                <SequencePoint vc="0" uspid="603" ordinal="3" offset="16" sl="133" sc="17" el="133" ec="76" bec="0" bev="0" fileid="28" />
                <SequencePoint vc="0" uspid="604" ordinal="4" offset="29" sl="135" sc="13" el="135" ec="52" bec="0" bev="0" fileid="28" />
                <SequencePoint vc="0" uspid="605" ordinal="5" offset="61" sl="136" sc="13" el="136" ec="33" bec="2" bev="0" fileid="28" />
                <SequencePoint vc="0" uspid="606" ordinal="6" offset="69" sl="137" sc="13" el="137" ec="14" bec="0" bev="0" fileid="28" />
                <SequencePoint vc="0" uspid="607" ordinal="7" offset="70" sl="138" sc="17" el="138" ec="39" bec="0" bev="0" fileid="28" />
                <SequencePoint vc="0" uspid="608" ordinal="8" offset="79" sl="140" sc="13" el="140" ec="34" bec="0" bev="0" fileid="28" />
                <SequencePoint vc="0" uspid="609" ordinal="9" offset="89" sl="141" sc="9" el="141" ec="10" bec="0" bev="0" fileid="28" />
              </SequencePoints>
              <BranchPoints>
                <BranchPoint vc="0" uspid="610" ordinal="0" offset="13" sl="131" path="0" offsetend="15" fileid="28" />
                <BranchPoint vc="0" uspid="611" ordinal="1" offset="13" sl="131" path="1" offsetend="29" fileid="28" />
                <BranchPoint vc="0" uspid="612" ordinal="2" offset="67" sl="136" path="0" offsetend="69" fileid="28" />
                <BranchPoint vc="0" uspid="613" ordinal="3" offset="67" sl="136" path="1" offsetend="79" fileid="28" />
              </BranchPoints>
              <MethodPoint xsi:type="SequencePoint" vc="0" uspid="600" ordinal="0" offset="0" sl="130" sc="9" el="130" ec="10" bec="0" bev="0" fileid="28" />
            </Method>
            <Method visited="true" cyclomaticComplexity="1" nPathComplexity="0" sequenceCoverage="100" branchCoverage="100" crapScore="1" isConstructor="false" isStatic="false" isGetter="false" isSetter="false">
              <Summary numSequencePoints="2" visitedSequencePoints="2" numBranchPoints="1" visitedBranchPoints="1" sequenceCoverage="100" branchCoverage="100" maxCyclomaticComplexity="1" minCyclomaticComplexity="1" maxCrapScore="1" minCrapScore="1" visitedClasses="0" numClasses="0" visitedMethods="1" numMethods="1" />
              <MetadataToken>100663538</MetadataToken>
              <Name>System.Web.Mvc.HttpNotFoundResult Admin.Controllers.SanPhamsController::Details(System.String)</Name>
              <FileRef uid="28" />
              <SequencePoints>
                <SequencePoint vc="1" uspid="614" ordinal="0" offset="0" sl="144" sc="9" el="144" ec="10" bec="0" bev="0" fileid="28" />
                <SequencePoint vc="1" uspid="615" ordinal="1" offset="1" sl="145" sc="13" el="145" ec="49" bec="0" bev="0" fileid="28" />
              </SequencePoints>
              <BranchPoints />
              <MethodPoint xsi:type="SequencePoint" vc="1" uspid="614" ordinal="0" offset="0" sl="144" sc="9" el="144" ec="10" bec="0" bev="0" fileid="28" />
            </Method>
            <Method visited="false" cyclomaticComplexity="1" nPathComplexity="0" sequenceCoverage="0" branchCoverage="0" crapScore="2" isConstructor="false" isStatic="false" isGetter="false" isSetter="false">
              <Summary numSequencePoints="6" visitedSequencePoints="0" numBranchPoints="1" visitedBranchPoints="0" sequenceCoverage="0" branchCoverage="0" maxCyclomaticComplexity="1" minCyclomaticComplexity="1" maxCrapScore="2" minCrapScore="2" visitedClasses="0" numClasses="0" visitedMethods="0" numMethods="1" />
              <MetadataToken>100663539</MetadataToken>
              <Name>System.Web.Mvc.ActionResult Admin.Controllers.SanPhamsController::DeleteConfirmed(System.Int32)</Name>
              <FileRef uid="28" />
              <SequencePoints>
                <SequencePoint vc="0" uspid="616" ordinal="0" offset="0" sl="152" sc="9" el="152" ec="10" bec="0" bev="0" fileid="28" />
                <SequencePoint vc="0" uspid="617" ordinal="1" offset="1" sl="153" sc="13" el="153" ec="52" bec="0" bev="0" fileid="28" />
                <SequencePoint vc="0" uspid="618" ordinal="2" offset="33" sl="154" sc="13" el="154" ec="41" bec="0" bev="0" fileid="28" />
                <SequencePoint vc="0" uspid="619" ordinal="3" offset="51" sl="155" sc="13" el="155" ec="30" bec="0" bev="0" fileid="28" />
                <SequencePoint vc="0" uspid="620" ordinal="4" offset="63" sl="156" sc="13" el="156" ec="46" bec="0" bev="0" fileid="28" />
                <SequencePoint vc="0" uspid="621" ordinal="5" offset="77" sl="157" sc="9" el="157" ec="10" bec="0" bev="0" fileid="28" />
              </SequencePoints>
              <BranchPoints />
              <MethodPoint xsi:type="SequencePoint" vc="0" uspid="616" ordinal="0" offset="0" sl="152" sc="9" el="152" ec="10" bec="0" bev="0" fileid="28" />
            </Method>
            <Method visited="false" cyclomaticComplexity="2" nPathComplexity="2" sequenceCoverage="0" branchCoverage="0" crapScore="6" isConstructor="false" isStatic="false" isGetter="false" isSetter="false">
              <Summary numSequencePoints="7" visitedSequencePoints="0" numBranchPoints="3" visitedBranchPoints="0" sequenceCoverage="0" branchCoverage="0" maxCyclomaticComplexity="2" minCyclomaticComplexity="2" maxCrapScore="6" minCrapScore="6" visitedClasses="0" numClasses="0" visitedMethods="0" numMethods="1" />
              <MetadataToken>100663540</MetadataToken>
              <Name>System.Void Admin.Controllers.SanPhamsController::Dispose(System.Boolean)</Name>
              <FileRef uid="28" />
              <SequencePoints>
                <SequencePoint vc="0" uspid="622" ordinal="0" offset="0" sl="160" sc="9" el="160" ec="10" bec="0" bev="0" fileid="28" />
                <SequencePoint vc="0" uspid="623" ordinal="1" offset="1" sl="161" sc="13" el="161" ec="27" bec="2" bev="0" fileid="28" />
                <SequencePoint vc="0" uspid="624" ordinal="2" offset="6" sl="162" sc="13" el="162" ec="14" bec="0" bev="0" fileid="28" />
                <SequencePoint vc="0" uspid="625" ordinal="3" offset="7" sl="163" sc="17" el="163" ec="30" bec="0" bev="0" fileid="28" />
                <SequencePoint vc="0" uspid="626" ordinal="4" offset="19" sl="164" sc="13" el="164" ec="14" bec="0" bev="0" fileid="28" />
                <SequencePoint vc="0" uspid="627" ordinal="5" offset="20" sl="165" sc="13" el="165" ec="37" bec="0" bev="0" fileid="28" />
                <SequencePoint vc="0" uspid="628" ordinal="6" offset="28" sl="166" sc="9" el="166" ec="10" bec="0" bev="0" fileid="28" />
              </SequencePoints>
              <BranchPoints>
                <BranchPoint vc="0" uspid="629" ordinal="0" offset="4" sl="161" path="0" offsetend="6" fileid="28" />
                <BranchPoint vc="0" uspid="630" ordinal="1" offset="4" sl="161" path="1" offsetend="20" fileid="28" />
              </BranchPoints>
              <MethodPoint xsi:type="SequencePoint" vc="0" uspid="622" ordinal="0" offset="0" sl="160" sc="9" el="160" ec="10" bec="0" bev="0" fileid="28" />
            </Method>
            <Method visited="true" cyclomaticComplexity="1" nPathComplexity="0" sequenceCoverage="100" branchCoverage="100" crapScore="1" isConstructor="true" isStatic="false" isGetter="false" isSetter="false">
              <Summary numSequencePoints="1" visitedSequencePoints="1" numBranchPoints="1" visitedBranchPoints="1" sequenceCoverage="100" branchCoverage="100" maxCyclomaticComplexity="1" minCyclomaticComplexity="1" maxCrapScore="1" minCrapScore="1" visitedClasses="0" numClasses="0" visitedMethods="1" numMethods="1" />
              <MetadataToken>100663541</MetadataToken>
              <Name>System.Void Admin.Controllers.SanPhamsController::.ctor()</Name>
              <FileRef uid="28" />
              <SequencePoints>
                <SequencePoint vc="7" uspid="631" ordinal="0" offset="0" sl="15" sc="9" el="15" ec="68" bec="0" bev="0" fileid="28" />
              </SequencePoints>
              <BranchPoints />
              <MethodPoint xsi:type="SequencePoint" vc="7" uspid="631" ordinal="0" offset="0" sl="15" sc="9" el="15" ec="68" bec="0" bev="0" fileid="28" />
            </Method>
          </Methods>
        </Class>
        <Class>
          <Summary numSequencePoints="1" visitedSequencePoints="0" numBranchPoints="3" visitedBranchPoints="0" sequenceCoverage="0" branchCoverage="0" maxCyclomaticComplexity="2" minCyclomaticComplexity="1" maxCrapScore="6" minCrapScore="2" visitedClasses="0" numClasses="1" visitedMethods="0" numMethods="1" />
          <FullName>Admin.Controllers.SanPhamsController/&lt;&gt;c__DisplayClass1_0</FullName>
          <Methods>
            <Method visited="false" cyclomaticComplexity="1" nPathComplexity="0" sequenceCoverage="0" branchCoverage="0" crapScore="2" isConstructor="true" isStatic="false" isGetter="false" isSetter="false">
              <Summary numSequencePoints="0" visitedSequencePoints="0" numBranchPoints="0" visitedBranchPoints="0" sequenceCoverage="0" branchCoverage="0" maxCyclomaticComplexity="1" minCyclomaticComplexity="1" maxCrapScore="2" minCrapScore="2" visitedClasses="0" numClasses="0" visitedMethods="0" numMethods="0" />
              <MetadataToken>100663545</MetadataToken>
              <Name>System.Void Admin.Controllers.SanPhamsController/&lt;&gt;c__DisplayClass1_0::.ctor()</Name>
              <SequencePoints />
              <BranchPoints />
              <MethodPoint vc="0" uspid="632" ordinal="0" offset="0" />
            </Method>
            <Method visited="false" cyclomaticComplexity="2" nPathComplexity="2" sequenceCoverage="0" branchCoverage="0" crapScore="6" isConstructor="false" isStatic="false" isGetter="false" isSetter="false">
              <Summary numSequencePoints="1" visitedSequencePoints="0" numBranchPoints="3" visitedBranchPoints="0" sequenceCoverage="0" branchCoverage="0" maxCyclomaticComplexity="2" minCyclomaticComplexity="2" maxCrapScore="6" minCrapScore="6" visitedClasses="0" numClasses="0" visitedMethods="0" numMethods="1" />
              <MetadataToken>100663546</MetadataToken>
              <Name>System.Boolean Admin.Controllers.SanPhamsController/&lt;&gt;c__DisplayClass1_0::&lt;Search&gt;b__0(Admin.Models.SanPham)</Name>
              <FileRef uid="28" />
              <SequencePoints>
                <SequencePoint vc="0" uspid="633" ordinal="0" offset="0" sl="26" sc="42" el="27" ec="101" bec="2" bev="0" fileid="28" />
              </SequencePoints>
              <BranchPoints>
                <BranchPoint vc="0" uspid="634" ordinal="0" offset="27" sl="26" path="0" offsetend="29" fileid="28" />
                <BranchPoint vc="0" uspid="635" ordinal="1" offset="27" sl="26" path="1" offsetend="63" fileid="28" />
              </BranchPoints>
              <MethodPoint xsi:type="SequencePoint" vc="0" uspid="633" ordinal="0" offset="0" sl="26" sc="42" el="27" ec="101" bec="2" bev="0" fileid="28" />
            </Method>
          </Methods>
        </Class>
        <Class>
          <Summary numSequencePoints="0" visitedSequencePoints="0" numBranchPoints="0" visitedBranchPoints="0" sequenceCoverage="0" branchCoverage="0" maxCyclomaticComplexity="1" minCyclomaticComplexity="1" maxCrapScore="2" minCrapScore="2" visitedClasses="0" numClasses="0" visitedMethods="0" numMethods="0" />
          <FullName>Admin.Controllers.SanPhamsController/&lt;&gt;c</FullName>
          <Methods>
            <Method visited="false" cyclomaticComplexity="1" nPathComplexity="0" sequenceCoverage="0" branchCoverage="0" crapScore="2" isConstructor="true" isStatic="true" isGetter="false" isSetter="false">
              <Summary numSequencePoints="0" visitedSequencePoints="0" numBranchPoints="0" visitedBranchPoints="0" sequenceCoverage="0" branchCoverage="0" maxCyclomaticComplexity="1" minCyclomaticComplexity="1" maxCrapScore="2" minCrapScore="2" visitedClasses="0" numClasses="0" visitedMethods="0" numMethods="0" />
              <MetadataToken>100663547</MetadataToken>
              <Name>System.Void Admin.Controllers.SanPhamsController/&lt;&gt;c::.cctor()</Name>
              <SequencePoints />
              <BranchPoints />
              <MethodPoint vc="0" uspid="636" ordinal="0" offset="0" />
            </Method>
            <Method visited="false" cyclomaticComplexity="1" nPathComplexity="0" sequenceCoverage="0" branchCoverage="0" crapScore="2" isConstructor="true" isStatic="false" isGetter="false" isSetter="false">
              <Summary numSequencePoints="0" visitedSequencePoints="0" numBranchPoints="0" visitedBranchPoints="0" sequenceCoverage="0" branchCoverage="0" maxCyclomaticComplexity="1" minCyclomaticComplexity="1" maxCrapScore="2" minCrapScore="2" visitedClasses="0" numClasses="0" visitedMethods="0" numMethods="0" />
              <MetadataToken>100663548</MetadataToken>
              <Name>System.Void Admin.Controllers.SanPhamsController/&lt;&gt;c::.ctor()</Name>
              <SequencePoints />
              <BranchPoints />
              <MethodPoint vc="0" uspid="637" ordinal="0" offset="0" />
            </Method>
          </Methods>
        </Class>
      </Classes>
    </Module>
  </Modules>
</CoverageSession>